[     136ms] [LOG] [Fast Refresh] rebuilding @ http://localhost:3000/_next/static/chunks/1xcn_next_dist_1xno41f._.js:2477
[    1140ms] [LOG] [Fast Refresh] done in 1105ms @ http://localhost:3000/_next/static/chunks/1xcn_next_dist_1xno41f._.js:2477
[    2572ms] [INFO] %cDownload the React DevTools for a better development experience: https://react.dev/link/react-devtools font-weight:bold @ http://localhost:3000/_next/static/chunks/1xcn_next_dist_1xno41f._.js:2477
[    2621ms] [LOG] [HMR] connected @ http://localhost:3000/_next/static/chunks/1xcn_next_dist_1xno41f._.js:2477
[   52636ms] [LOG] [Fast Refresh] rebuilding @ http://localhost:3000/_next/static/chunks/1xcn_next_dist_1xno41f._.js:2477
[   52693ms] [LOG] [Fast Refresh] done in 162ms @ http://localhost:3000/_next/static/chunks/1xcn_next_dist_1xno41f._.js:2477
[   52801ms] [LOG] [Fast Refresh] rebuilding @ http://localhost:3000/_next/static/chunks/1xcn_next_dist_1xno41f._.js:2477
[   52834ms] [LOG] [Fast Refresh] done in 134ms @ http://localhost:3000/_next/static/chunks/1xcn_next_dist_1xno41f._.js:2477
[   65854ms] [LOG] [Fast Refresh] rebuilding @ http://localhost:3000/_next/static/chunks/1xcn_next_dist_1xno41f._.js:2477
[   65899ms] [LOG] [Fast Refresh] done in 150ms @ http://localhost:3000/_next/static/chunks/1xcn_next_dist_1xno41f._.js:2477
[   66012ms] [LOG] [Fast Refresh] rebuilding @ http://localhost:3000/_next/static/chunks/1xcn_next_dist_1xno41f._.js:2477
[   66179ms] [LOG] [Fast Refresh] done in 226ms @ http://localhost:3000/_next/static/chunks/1xcn_next_dist_1xno41f._.js:2477
[   80153ms] [LOG] [Fast Refresh] rebuilding @ http://localhost:3000/_next/static/chunks/1xcn_next_dist_1xno41f._.js:2477
[   80217ms] [LOG] [Fast Refresh] done in 164ms @ http://localhost:3000/_next/static/chunks/1xcn_next_dist_1xno41f._.js:2477
[   80246ms] [LOG] [Fast Refresh] rebuilding @ http://localhost:3000/_next/static/chunks/1xcn_next_dist_1xno41f._.js:2477
[   80684ms] [LOG] [Fast Refresh] done in 454ms @ http://localhost:3000/_next/static/chunks/1xcn_next_dist_1xno41f._.js:2477
[   80864ms] [LOG] [Fast Refresh] rebuilding @ http://localhost:3000/_next/static/chunks/1xcn_next_dist_1xno41f._.js:2477
[   80946ms] [LOG] [Fast Refresh] done in 182ms @ http://localhost:3000/_next/static/chunks/1xcn_next_dist_1xno41f._.js:2477
[   81166ms] [LOG] [Fast Refresh] rebuilding @ http://localhost:3000/_next/static/chunks/1xcn_next_dist_1xno41f._.js:2477
[   81730ms] [LOG] [Fast Refresh] done in 665ms @ http://localhost:3000/_next/static/chunks/1xcn_next_dist_1xno41f._.js:2477
[   81907ms] [LOG] [Fast Refresh] rebuilding @ http://localhost:3000/_next/static/chunks/1xcn_next_dist_1xno41f._.js:2477
[   82043ms] [LOG] [Fast Refresh] done in 236ms @ http://localhost:3000/_next/static/chunks/1xcn_next_dist_1xno41f._.js:2477
[   82241ms] [LOG] [Fast Refresh] rebuilding @ http://localhost:3000/_next/static/chunks/1xcn_next_dist_1xno41f._.js:2477
[   82308ms] [LOG] [Fast Refresh] done in 169ms @ http://localhost:3000/_next/static/chunks/1xcn_next_dist_1xno41f._.js:2477
[   82488ms] [LOG] [Fast Refresh] rebuilding @ http://localhost:3000/_next/static/chunks/1xcn_next_dist_1xno41f._.js:2477
[   82934ms] [LOG] [Fast Refresh] done in 548ms @ http://localhost:3000/_next/static/chunks/1xcn_next_dist_1xno41f._.js:2477
[   83278ms] [LOG] [Fast Refresh] rebuilding @ http://localhost:3000/_next/static/chunks/1xcn_next_dist_1xno41f._.js:2477
[   83353ms] [LOG] [Fast Refresh] done in 176ms @ http://localhost:3000/_next/static/chunks/1xcn_next_dist_1xno41f._.js:2477
[   83532ms] [LOG] [Fast Refresh] rebuilding @ http://localhost:3000/_next/static/chunks/1xcn_next_dist_1xno41f._.js:2477
[   83583ms] [LOG] [Fast Refresh] done in 156ms @ http://localhost:3000/_next/static/chunks/1xcn_next_dist_1xno41f._.js:2477
[   83741ms] [LOG] [Fast Refresh] rebuilding @ http://localhost:3000/_next/static/chunks/1xcn_next_dist_1xno41f._.js:2477
[   84068ms] [LOG] [Fast Refresh] done in 429ms @ http://localhost:3000/_next/static/chunks/1xcn_next_dist_1xno41f._.js:2477
[   98729ms] [LOG] [Fast Refresh] rebuilding @ http://localhost:3000/_next/static/chunks/1xcn_next_dist_1xno41f._.js:2477
[   98775ms] [LOG] [Fast Refresh] done in 148ms @ http://localhost:3000/_next/static/chunks/1xcn_next_dist_1xno41f._.js:2477
[   98867ms] [LOG] [Fast Refresh] rebuilding @ http://localhost:3000/_next/static/chunks/1xcn_next_dist_1xno41f._.js:2477
[   98946ms] [LOG] [Fast Refresh] done in 165ms @ http://localhost:3000/_next/static/chunks/1xcn_next_dist_1xno41f._.js:2477
[   99170ms] [LOG] [Fast Refresh] rebuilding @ http://localhost:3000/_next/static/chunks/1xcn_next_dist_1xno41f._.js:2477
[   99793ms] [LOG] [Fast Refresh] done in 725ms @ http://localhost:3000/_next/static/chunks/1xcn_next_dist_1xno41f._.js:2477
[   99954ms] [LOG] [Fast Refresh] rebuilding @ http://localhost:3000/_next/static/chunks/1xcn_next_dist_1xno41f._.js:2477
[  100136ms] [LOG] [Fast Refresh] done in 284ms @ http://localhost:3000/_next/static/chunks/1xcn_next_dist_1xno41f._.js:2477
[  100343ms] [LOG] [Fast Refresh] rebuilding @ http://localhost:3000/_next/static/chunks/1xcn_next_dist_1xno41f._.js:2477
[  100568ms] [LOG] [Fast Refresh] done in 327ms @ http://localhost:3000/_next/static/chunks/1xcn_next_dist_1xno41f._.js:2477
[  107718ms] [LOG] [Fast Refresh] rebuilding @ http://localhost:3000/_next/static/chunks/1xcn_next_dist_1xno41f._.js:2477
[  107777ms] [LOG] [Fast Refresh] done in 160ms @ http://localhost:3000/_next/static/chunks/1xcn_next_dist_1xno41f._.js:2477
[  107870ms] [LOG] [Fast Refresh] rebuilding @ http://localhost:3000/_next/static/chunks/1xcn_next_dist_1xno41f._.js:2477
[  107937ms] [LOG] [Fast Refresh] done in 145ms @ http://localhost:3000/_next/static/chunks/1xcn_next_dist_1xno41f._.js:2477
[  108163ms] [LOG] [Fast Refresh] rebuilding @ http://localhost:3000/_next/static/chunks/1xcn_next_dist_1xno41f._.js:2477
[  108596ms] [LOG] [Fast Refresh] done in 536ms @ http://localhost:3000/_next/static/chunks/1xcn_next_dist_1xno41f._.js:2477
[  108731ms] [LOG] [Fast Refresh] rebuilding @ http://localhost:3000/_next/static/chunks/1xcn_next_dist_1xno41f._.js:2477
[  108797ms] [LOG] [Fast Refresh] done in 167ms @ http://localhost:3000/_next/static/chunks/1xcn_next_dist_1xno41f._.js:2477
[  108976ms] [LOG] [Fast Refresh] rebuilding @ http://localhost:3000/_next/static/chunks/1xcn_next_dist_1xno41f._.js:2477
[  109170ms] [LOG] [Fast Refresh] done in 295ms @ http://localhost:3000/_next/static/chunks/1xcn_next_dist_1xno41f._.js:2477
[  123477ms] [LOG] [Fast Refresh] rebuilding @ http://localhost:3000/_next/static/chunks/1xcn_next_dist_1xno41f._.js:2477
[  123501ms] [LOG] [Fast Refresh] done in 131ms @ http://localhost:3000/_next/static/chunks/1xcn_next_dist_1xno41f._.js:2477
[  123577ms] [LOG] [Fast Refresh] rebuilding @ http://localhost:3000/_next/static/chunks/1xcn_next_dist_1xno41f._.js:2477
[  123892ms] [LOG] [Fast Refresh] done in 316ms @ http://localhost:3000/_next/static/chunks/1xcn_next_dist_1xno41f._.js:2477
[  124029ms] [LOG] [Fast Refresh] rebuilding @ http://localhost:3000/_next/static/chunks/1xcn_next_dist_1xno41f._.js:2477
[  124099ms] [LOG] [Fast Refresh] done in 172ms @ http://localhost:3000/_next/static/chunks/1xcn_next_dist_1xno41f._.js:2477
[  124352ms] [LOG] [Fast Refresh] rebuilding @ http://localhost:3000/_next/static/chunks/1xcn_next_dist_1xno41f._.js:2477
[  124966ms] [LOG] [Fast Refresh] done in 716ms @ http://localhost:3000/_next/static/chunks/1xcn_next_dist_1xno41f._.js:2477
[  125135ms] [LOG] [Fast Refresh] rebuilding @ http://localhost:3000/_next/static/chunks/1xcn_next_dist_1xno41f._.js:2477
[  125178ms] [LOG] [Fast Refresh] done in 143ms @ http://localhost:3000/_next/static/chunks/1xcn_next_dist_1xno41f._.js:2477
[  125337ms] [LOG] [Fast Refresh] rebuilding @ http://localhost:3000/_next/static/chunks/1xcn_next_dist_1xno41f._.js:2477
[  125408ms] [LOG] [Fast Refresh] done in 172ms @ http://localhost:3000/_next/static/chunks/1xcn_next_dist_1xno41f._.js:2477
[  125583ms] [LOG] [Fast Refresh] rebuilding @ http://localhost:3000/_next/static/chunks/1xcn_next_dist_1xno41f._.js:2477
[  125785ms] [LOG] [Fast Refresh] done in 304ms @ http://localhost:3000/_next/static/chunks/1xcn_next_dist_1xno41f._.js:2477
[  125888ms] [LOG] [Fast Refresh] rebuilding @ http://localhost:3000/_next/static/chunks/1xcn_next_dist_1xno41f._.js:2477
[  125959ms] [LOG] [Fast Refresh] done in 171ms @ http://localhost:3000/_next/static/chunks/1xcn_next_dist_1xno41f._.js:2477
[  126268ms] [LOG] [Fast Refresh] rebuilding @ http://localhost:3000/_next/static/chunks/1xcn_next_dist_1xno41f._.js:2477
[  126351ms] [LOG] [Fast Refresh] done in 185ms @ http://localhost:3000/_next/static/chunks/1xcn_next_dist_1xno41f._.js:2477
[  126552ms] [LOG] [Fast Refresh] rebuilding @ http://localhost:3000/_next/static/chunks/1xcn_next_dist_1xno41f._.js:2477
[  126858ms] [LOG] [Fast Refresh] done in 408ms @ http://localhost:3000/_next/static/chunks/1xcn_next_dist_1xno41f._.js:2477
[  127352ms] [LOG] [Fast Refresh] rebuilding @ http://localhost:3000/_next/static/chunks/1xcn_next_dist_1xno41f._.js:2477
[  127410ms] [LOG] [Fast Refresh] done in 162ms @ http://localhost:3000/_next/static/chunks/1xcn_next_dist_1xno41f._.js:2477
[  139015ms] [LOG] [Fast Refresh] rebuilding @ http://localhost:3000/_next/static/chunks/1xcn_next_dist_1xno41f._.js:2477
[  139087ms] [LOG] [Fast Refresh] done in 151ms @ http://localhost:3000/_next/static/chunks/1xcn_next_dist_1xno41f._.js:2477
[  139188ms] [LOG] [Fast Refresh] rebuilding @ http://localhost:3000/_next/static/chunks/1xcn_next_dist_1xno41f._.js:2477
[  139642ms] [LOG] [Fast Refresh] done in 196ms @ http://localhost:3000/_next/static/chunks/1xcn_next_dist_1xno41f._.js:2477
[  139799ms] [LOG] [Fast Refresh] rebuilding @ http://localhost:3000/_next/static/chunks/1xcn_next_dist_1xno41f._.js:2477
[  139968ms] [LOG] [Fast Refresh] done in 270ms @ http://localhost:3000/_next/static/chunks/1xcn_next_dist_1xno41f._.js:2477
[  140257ms] [LOG] [Fast Refresh] rebuilding @ http://localhost:3000/_next/static/chunks/1xcn_next_dist_1xno41f._.js:2477
[  140849ms] [LOG] [Fast Refresh] done in 694ms @ http://localhost:3000/_next/static/chunks/1xcn_next_dist_1xno41f._.js:2477
[  141009ms] [LOG] [Fast Refresh] rebuilding @ http://localhost:3000/_next/static/chunks/1xcn_next_dist_1xno41f._.js:2477
[  141076ms] [LOG] [Fast Refresh] done in 167ms @ http://localhost:3000/_next/static/chunks/1xcn_next_dist_1xno41f._.js:2477
[  141377ms] [LOG] [Fast Refresh] rebuilding @ http://localhost:3000/_next/static/chunks/1xcn_next_dist_1xno41f._.js:2477
[  141652ms] [LOG] [Fast Refresh] done in 375ms @ http://localhost:3000/_next/static/chunks/1xcn_next_dist_1xno41f._.js:2477
[  141854ms] [LOG] [Fast Refresh] rebuilding @ http://localhost:3000/_next/static/chunks/1xcn_next_dist_1xno41f._.js:2477
[  142089ms] [LOG] [Fast Refresh] done in 336ms @ http://localhost:3000/_next/static/chunks/1xcn_next_dist_1xno41f._.js:2477
[  142197ms] [LOG] [Fast Refresh] rebuilding @ http://localhost:3000/_next/static/chunks/1xcn_next_dist_1xno41f._.js:2477
[  142503ms] [LOG] [Fast Refresh] done in 409ms @ http://localhost:3000/_next/static/chunks/1xcn_next_dist_1xno41f._.js:2477
[  142635ms] [LOG] [Fast Refresh] rebuilding @ http://localhost:3000/_next/static/chunks/1xcn_next_dist_1xno41f._.js:2477
[  142748ms] [LOG] [Fast Refresh] done in 213ms @ http://localhost:3000/_next/static/chunks/1xcn_next_dist_1xno41f._.js:2477
[  142958ms] [LOG] [Fast Refresh] rebuilding @ http://localhost:3000/_next/static/chunks/1xcn_next_dist_1xno41f._.js:2477
[  143070ms] [LOG] [Fast Refresh] done in 214ms @ http://localhost:3000/_next/static/chunks/1xcn_next_dist_1xno41f._.js:2477
[  143279ms] [LOG] [Fast Refresh] rebuilding @ http://localhost:3000/_next/static/chunks/1xcn_next_dist_1xno41f._.js:2477
[  143598ms] [LOG] [Fast Refresh] done in 419ms @ http://localhost:3000/_next/static/chunks/1xcn_next_dist_1xno41f._.js:2477
[  143727ms] [LOG] [Fast Refresh] rebuilding @ http://localhost:3000/_next/static/chunks/1xcn_next_dist_1xno41f._.js:2477
[  144044ms] [LOG] [Fast Refresh] done in 418ms @ http://localhost:3000/_next/static/chunks/1xcn_next_dist_1xno41f._.js:2477
[  144262ms] [LOG] [Fast Refresh] rebuilding @ http://localhost:3000/_next/static/chunks/1xcn_next_dist_1xno41f._.js:2477
[  144390ms] [LOG] [Fast Refresh] done in 233ms @ http://localhost:3000/_next/static/chunks/1xcn_next_dist_1xno41f._.js:2477
[  144552ms] [LOG] [Fast Refresh] rebuilding @ http://localhost:3000/_next/static/chunks/1xcn_next_dist_1xno41f._.js:2477
[  144633ms] [LOG] [Fast Refresh] done in 185ms @ http://localhost:3000/_next/static/chunks/1xcn_next_dist_1xno41f._.js:2477
[  144746ms] [LOG] [Fast Refresh] rebuilding @ http://localhost:3000/_next/static/chunks/1xcn_next_dist_1xno41f._.js:2477
[  144836ms] [LOG] [Fast Refresh] done in 191ms @ http://localhost:3000/_next/static/chunks/1xcn_next_dist_1xno41f._.js:2477
[  170047ms] [LOG] [Fast Refresh] rebuilding @ http://localhost:3000/_next/static/chunks/1xcn_next_dist_1xno41f._.js:2477
[  170095ms] [LOG] [Fast Refresh] done in 149ms @ http://localhost:3000/_next/static/chunks/1xcn_next_dist_1xno41f._.js:2477
[  170201ms] [LOG] [Fast Refresh] rebuilding @ http://localhost:3000/_next/static/chunks/1xcn_next_dist_1xno41f._.js:2477
[  170218ms] [LOG] [Fast Refresh] done in 117ms @ http://localhost:3000/_next/static/chunks/1xcn_next_dist_1xno41f._.js:2477
[  182605ms] [LOG] [Fast Refresh] rebuilding @ http://localhost:3000/_next/static/chunks/1xcn_next_dist_1xno41f._.js:2477
[  182709ms] [LOG] [Fast Refresh] done in 168ms @ http://localhost:3000/_next/static/chunks/1xcn_next_dist_1xno41f._.js:2477
[  189614ms] [LOG] [Fast Refresh] rebuilding @ http://localhost:3000/_next/static/chunks/1xcn_next_dist_1xno41f._.js:2477
[  189669ms] [LOG] [Fast Refresh] done in 151ms @ http://localhost:3000/_next/static/chunks/1xcn_next_dist_1xno41f._.js:2477
[  189770ms] [LOG] [Fast Refresh] rebuilding @ http://localhost:3000/_next/static/chunks/1xcn_next_dist_1xno41f._.js:2477
[  189785ms] [LOG] [Fast Refresh] done in 115ms @ http://localhost:3000/_next/static/chunks/1xcn_next_dist_1xno41f._.js:2477
[  189911ms] [LOG] [Fast Refresh] rebuilding @ http://localhost:3000/_next/static/chunks/1xcn_next_dist_1xno41f._.js:2477
[  189932ms] [LOG] [Fast Refresh] done in 121ms @ http://localhost:3000/_next/static/chunks/1xcn_next_dist_1xno41f._.js:2477
[  190116ms] [LOG] [Fast Refresh] rebuilding @ http://localhost:3000/_next/static/chunks/1xcn_next_dist_1xno41f._.js:2477
[  190551ms] [LOG] [Fast Refresh] done in 535ms @ http://localhost:3000/_next/static/chunks/1xcn_next_dist_1xno41f._.js:2477
[  190823ms] [LOG] [Fast Refresh] rebuilding @ http://localhost:3000/_next/static/chunks/1xcn_next_dist_1xno41f._.js:2477
[  190841ms] [LOG] [Fast Refresh] done in 119ms @ http://localhost:3000/_next/static/chunks/1xcn_next_dist_1xno41f._.js:2477
[  190981ms] [LOG] [Fast Refresh] rebuilding @ http://localhost:3000/_next/static/chunks/1xcn_next_dist_1xno41f._.js:2477
[  190993ms] [LOG] [Fast Refresh] done in 113ms @ http://localhost:3000/_next/static/chunks/1xcn_next_dist_1xno41f._.js:2477
[  191095ms] [LOG] [Fast Refresh] rebuilding @ http://localhost:3000/_next/static/chunks/1xcn_next_dist_1xno41f._.js:2477
[  191248ms] [LOG] [Fast Refresh] done in 254ms @ http://localhost:3000/_next/static/chunks/1xcn_next_dist_1xno41f._.js:2477
[  191349ms] [LOG] [Fast Refresh] rebuilding @ http://localhost:3000/_next/static/chunks/1xcn_next_dist_1xno41f._.js:2477
[  191351ms] [LOG] [Fast Refresh] done in 103ms @ http://localhost:3000/_next/static/chunks/1xcn_next_dist_1xno41f._.js:2477
[  191630ms] [LOG] [Fast Refresh] rebuilding @ http://localhost:3000/_next/static/chunks/1xcn_next_dist_1xno41f._.js:2477
[  191631ms] [LOG] [Fast Refresh] done in 101ms @ http://localhost:3000/_next/static/chunks/1xcn_next_dist_1xno41f._.js:2477
[  191812ms] [LOG] [Fast Refresh] rebuilding @ http://localhost:3000/_next/static/chunks/1xcn_next_dist_1xno41f._.js:2477
[  191921ms] [LOG] [Fast Refresh] done in 211ms @ http://localhost:3000/_next/static/chunks/1xcn_next_dist_1xno41f._.js:2477
[  192275ms] [LOG] [Fast Refresh] rebuilding @ http://localhost:3000/_next/static/chunks/1xcn_next_dist_1xno41f._.js:2477
[  192289ms] [LOG] [Fast Refresh] done in 115ms @ http://localhost:3000/_next/static/chunks/1xcn_next_dist_1xno41f._.js:2477
[  192428ms] [LOG] [Fast Refresh] rebuilding @ http://localhost:3000/_next/static/chunks/1xcn_next_dist_1xno41f._.js:2477
[  192436ms] [LOG] [Fast Refresh] done in 110ms @ http://localhost:3000/_next/static/chunks/1xcn_next_dist_1xno41f._.js:2477
[  192581ms] [LOG] [Fast Refresh] rebuilding @ http://localhost:3000/_next/static/chunks/1xcn_next_dist_1xno41f._.js:2477
[  192701ms] [LOG] [Fast Refresh] done in 221ms @ http://localhost:3000/_next/static/chunks/1xcn_next_dist_1xno41f._.js:2477
[  194353ms] [LOG] [Fast Refresh] rebuilding @ http://localhost:3000/_next/static/chunks/1xcn_next_dist_1xno41f._.js:2477
[  194410ms] [LOG] [Fast Refresh] done in 108ms @ http://localhost:3000/_next/static/chunks/1xcn_next_dist_1xno41f._.js:2477
[  194774ms] [LOG] [Fast Refresh] rebuilding @ http://localhost:3000/_next/static/chunks/1xcn_next_dist_1xno41f._.js:2477
[  195021ms] [LOG] [Fast Refresh] done in 349ms @ http://localhost:3000/_next/static/chunks/1xcn_next_dist_1xno41f._.js:2477
[  195306ms] [LOG] [Fast Refresh] rebuilding @ http://localhost:3000/_next/static/chunks/1xcn_next_dist_1xno41f._.js:2477
[  195320ms] [LOG] [Fast Refresh] done in 114ms @ http://localhost:3000/_next/static/chunks/1xcn_next_dist_1xno41f._.js:2477
[  195476ms] [LOG] [Fast Refresh] rebuilding @ http://localhost:3000/_next/static/chunks/1xcn_next_dist_1xno41f._.js:2477
[  195650ms] [LOG] [Fast Refresh] done in 277ms @ http://localhost:3000/_next/static/chunks/1xcn_next_dist_1xno41f._.js:2477
[  196029ms] [LOG] [Fast Refresh] rebuilding @ http://localhost:3000/_next/static/chunks/1xcn_next_dist_1xno41f._.js:2477
[  196061ms] [LOG] [Fast Refresh] done in 134ms @ http://localhost:3000/_next/static/chunks/1xcn_next_dist_1xno41f._.js:2477
[  196193ms] [LOG] [Fast Refresh] rebuilding @ http://localhost:3000/_next/static/chunks/1xcn_next_dist_1xno41f._.js:2477
[  196355ms] [LOG] [Fast Refresh] done in 265ms @ http://localhost:3000/_next/static/chunks/1xcn_next_dist_1xno41f._.js:2477
[  196758ms] [LOG] [Fast Refresh] rebuilding @ http://localhost:3000/_next/static/chunks/1xcn_next_dist_1xno41f._.js:2477
[  196807ms] [LOG] [Fast Refresh] done in 153ms @ http://localhost:3000/_next/static/chunks/1xcn_next_dist_1xno41f._.js:2477
[  196940ms] [LOG] [Fast Refresh] rebuilding @ http://localhost:3000/_next/static/chunks/1xcn_next_dist_1xno41f._.js:2477
[  197189ms] [LOG] [Fast Refresh] done in 351ms @ http://localhost:3000/_next/static/chunks/1xcn_next_dist_1xno41f._.js:2477
[  197470ms] [LOG] [Fast Refresh] rebuilding @ http://localhost:3000/_next/static/chunks/1xcn_next_dist_1xno41f._.js:2477
[  197491ms] [LOG] [Fast Refresh] done in 124ms @ http://localhost:3000/_next/static/chunks/1xcn_next_dist_1xno41f._.js:2477
[  199100ms] [LOG] [Fast Refresh] rebuilding @ http://localhost:3000/_next/static/chunks/1xcn_next_dist_1xno41f._.js:2477
[  199111ms] [LOG] [Fast Refresh] done in 117ms @ http://localhost:3000/_next/static/chunks/1xcn_next_dist_1xno41f._.js:2477
[  199179ms] [LOG] [Fast Refresh] rebuilding @ http://localhost:3000/_next/static/chunks/1xcn_next_dist_1xno41f._.js:2477
[  199401ms] [LOG] [Fast Refresh] done in 72ms @ http://localhost:3000/_next/static/chunks/1xcn_next_dist_1xno41f._.js:2477
[  199527ms] [LOG] [Fast Refresh] rebuilding @ http://localhost:3000/_next/static/chunks/1xcn_next_dist_1xno41f._.js:2477
[  199553ms] [LOG] [Fast Refresh] done in 129ms @ http://localhost:3000/_next/static/chunks/1xcn_next_dist_1xno41f._.js:2477
[  199735ms] [LOG] [Fast Refresh] rebuilding @ http://localhost:3000/_next/static/chunks/1xcn_next_dist_1xno41f._.js:2477
[  200174ms] [LOG] [Fast Refresh] done in 540ms @ http://localhost:3000/_next/static/chunks/1xcn_next_dist_1xno41f._.js:2477
[  200355ms] [LOG] [Fast Refresh] rebuilding @ http://localhost:3000/_next/static/chunks/1xcn_next_dist_1xno41f._.js:2477
[  200382ms] [LOG] [Fast Refresh] done in 127ms @ http://localhost:3000/_next/static/chunks/1xcn_next_dist_1xno41f._.js:2477
[  200535ms] [LOG] [Fast Refresh] rebuilding @ http://localhost:3000/_next/static/chunks/1xcn_next_dist_1xno41f._.js:2477
[  200573ms] [LOG] [Fast Refresh] done in 139ms @ http://localhost:3000/_next/static/chunks/1xcn_next_dist_1xno41f._.js:2477
[  200736ms] [LOG] [Fast Refresh] rebuilding @ http://localhost:3000/_next/static/chunks/1xcn_next_dist_1xno41f._.js:2477
[  201071ms] [LOG] [Fast Refresh] done in 434ms @ http://localhost:3000/_next/static/chunks/1xcn_next_dist_1xno41f._.js:2477
[  201382ms] [LOG] [Fast Refresh] rebuilding @ http://localhost:3000/_next/static/chunks/1xcn_next_dist_1xno41f._.js:2477
[  201421ms] [LOG] [Fast Refresh] done in 140ms @ http://localhost:3000/_next/static/chunks/1xcn_next_dist_1xno41f._.js:2477
[  201570ms] [LOG] [Fast Refresh] rebuilding @ http://localhost:3000/_next/static/chunks/1xcn_next_dist_1xno41f._.js:2477
[  201594ms] [LOG] [Fast Refresh] done in 126ms @ http://localhost:3000/_next/static/chunks/1xcn_next_dist_1xno41f._.js:2477
[  201766ms] [LOG] [Fast Refresh] rebuilding @ http://localhost:3000/_next/static/chunks/1xcn_next_dist_1xno41f._.js:2477
[  201789ms] [LOG] [Fast Refresh] done in 124ms @ http://localhost:3000/_next/static/chunks/1xcn_next_dist_1xno41f._.js:2477
[  201894ms] [LOG] [Fast Refresh] rebuilding @ http://localhost:3000/_next/static/chunks/1xcn_next_dist_1xno41f._.js:2477
[  202005ms] [LOG] [Fast Refresh] done in 215ms @ http://localhost:3000/_next/static/chunks/1xcn_next_dist_1xno41f._.js:2477
[  202301ms] [LOG] [Fast Refresh] rebuilding @ http://localhost:3000/_next/static/chunks/1xcn_next_dist_1xno41f._.js:2477
[  202352ms] [LOG] [Fast Refresh] done in 154ms @ http://localhost:3000/_next/static/chunks/1xcn_next_dist_1xno41f._.js:2477
[  202503ms] [LOG] [Fast Refresh] rebuilding @ http://localhost:3000/_next/static/chunks/1xcn_next_dist_1xno41f._.js:2477
[  202529ms] [LOG] [Fast Refresh] done in 127ms @ http://localhost:3000/_next/static/chunks/1xcn_next_dist_1xno41f._.js:2477
[  202706ms] [LOG] [Fast Refresh] rebuilding @ http://localhost:3000/_next/static/chunks/1xcn_next_dist_1xno41f._.js:2477
[  202848ms] [LOG] [Fast Refresh] done in 245ms @ http://localhost:3000/_next/static/chunks/1xcn_next_dist_1xno41f._.js:2477
[  202959ms] [LOG] [Fast Refresh] rebuilding @ http://localhost:3000/_next/static/chunks/1xcn_next_dist_1xno41f._.js:2477
[  203118ms] [LOG] [Fast Refresh] done in 262ms @ http://localhost:3000/_next/static/chunks/1xcn_next_dist_1xno41f._.js:2477
[  203247ms] [LOG] [Fast Refresh] rebuilding @ http://localhost:3000/_next/static/chunks/1xcn_next_dist_1xno41f._.js:2477
[  203263ms] [LOG] [Fast Refresh] done in 120ms @ http://localhost:3000/_next/static/chunks/1xcn_next_dist_1xno41f._.js:2477
[  203418ms] [LOG] [Fast Refresh] rebuilding @ http://localhost:3000/_next/static/chunks/1xcn_next_dist_1xno41f._.js:2477
[  203689ms] [LOG] [Fast Refresh] done in 372ms @ http://localhost:3000/_next/static/chunks/1xcn_next_dist_1xno41f._.js:2477
[  203740ms] [LOG] [Fast Refresh] rebuilding @ http://localhost:3000/_next/static/chunks/1xcn_next_dist_1xno41f._.js:2477
[  203823ms] [LOG] [Fast Refresh] done in 94ms @ http://localhost:3000/_next/static/chunks/1xcn_next_dist_1xno41f._.js:2477
[  203953ms] [LOG] [Fast Refresh] rebuilding @ http://localhost:3000/_next/static/chunks/1xcn_next_dist_1xno41f._.js:2477
[  203974ms] [LOG] [Fast Refresh] done in 122ms @ http://localhost:3000/_next/static/chunks/1xcn_next_dist_1xno41f._.js:2477
[  204101ms] [LOG] [Fast Refresh] rebuilding @ http://localhost:3000/_next/static/chunks/1xcn_next_dist_1xno41f._.js:2477
[  204126ms] [LOG] [Fast Refresh] done in 127ms @ http://localhost:3000/_next/static/chunks/1xcn_next_dist_1xno41f._.js:2477
[  204302ms] [LOG] [Fast Refresh] rebuilding @ http://localhost:3000/_next/static/chunks/1xcn_next_dist_1xno41f._.js:2477
[  204720ms] [LOG] [Fast Refresh] done in 521ms @ http://localhost:3000/_next/static/chunks/1xcn_next_dist_1xno41f._.js:2477
[  204880ms] [LOG] [Fast Refresh] rebuilding @ http://localhost:3000/_next/static/chunks/1xcn_next_dist_1xno41f._.js:2477
[  204903ms] [LOG] [Fast Refresh] done in 125ms @ http://localhost:3000/_next/static/chunks/1xcn_next_dist_1xno41f._.js:2477
[  205053ms] [LOG] [Fast Refresh] rebuilding @ http://localhost:3000/_next/static/chunks/1xcn_next_dist_1xno41f._.js:2477
[  205073ms] [LOG] [Fast Refresh] done in 122ms @ http://localhost:3000/_next/static/chunks/1xcn_next_dist_1xno41f._.js:2477
[  205238ms] [LOG] [Fast Refresh] rebuilding @ http://localhost:3000/_next/static/chunks/1xcn_next_dist_1xno41f._.js:2477
[  205604ms] [LOG] [Fast Refresh] done in 468ms @ http://localhost:3000/_next/static/chunks/1xcn_next_dist_1xno41f._.js:2477
[  205792ms] [LOG] [Fast Refresh] rebuilding @ http://localhost:3000/_next/static/chunks/1xcn_next_dist_1xno41f._.js:2477
[  205822ms] [LOG] [Fast Refresh] done in 130ms @ http://localhost:3000/_next/static/chunks/1xcn_next_dist_1xno41f._.js:2477
[  205971ms] [LOG] [Fast Refresh] rebuilding @ http://localhost:3000/_next/static/chunks/1xcn_next_dist_1xno41f._.js:2477
[  206012ms] [LOG] [Fast Refresh] done in 143ms @ http://localhost:3000/_next/static/chunks/1xcn_next_dist_1xno41f._.js:2477
[  206196ms] [LOG] [Fast Refresh] rebuilding @ http://localhost:3000/_next/static/chunks/1xcn_next_dist_1xno41f._.js:2477
[  206506ms] [LOG] [Fast Refresh] done in 409ms @ http://localhost:3000/_next/static/chunks/1xcn_next_dist_1xno41f._.js:2477
[  206830ms] [LOG] [Fast Refresh] rebuilding @ http://localhost:3000/_next/static/chunks/1xcn_next_dist_1xno41f._.js:2477
[  206874ms] [LOG] [Fast Refresh] done in 147ms @ http://localhost:3000/_next/static/chunks/1xcn_next_dist_1xno41f._.js:2477
[  207018ms] [LOG] [Fast Refresh] rebuilding @ http://localhost:3000/_next/static/chunks/1xcn_next_dist_1xno41f._.js:2477
[  207055ms] [LOG] [Fast Refresh] done in 140ms @ http://localhost:3000/_next/static/chunks/1xcn_next_dist_1xno41f._.js:2477
[  207224ms] [LOG] [Fast Refresh] rebuilding @ http://localhost:3000/_next/static/chunks/1xcn_next_dist_1xno41f._.js:2477
[  207482ms] [LOG] [Fast Refresh] done in 361ms @ http://localhost:3000/_next/static/chunks/1xcn_next_dist_1xno41f._.js:2477
[  207600ms] [LOG] [Fast Refresh] rebuilding @ http://localhost:3000/_next/static/chunks/1xcn_next_dist_1xno41f._.js:2477
[  207612ms] [LOG] [Fast Refresh] done in 113ms @ http://localhost:3000/_next/static/chunks/1xcn_next_dist_1xno41f._.js:2477
[  207766ms] [LOG] [Fast Refresh] rebuilding @ http://localhost:3000/_next/static/chunks/1xcn_next_dist_1xno41f._.js:2477
[  207816ms] [LOG] [Fast Refresh] done in 153ms @ http://localhost:3000/_next/static/chunks/1xcn_next_dist_1xno41f._.js:2477
[  207973ms] [LOG] [Fast Refresh] rebuilding @ http://localhost:3000/_next/static/chunks/1xcn_next_dist_1xno41f._.js:2477
[  208005ms] [LOG] [Fast Refresh] done in 131ms @ http://localhost:3000/_next/static/chunks/1xcn_next_dist_1xno41f._.js:2477
[  208148ms] [LOG] [Fast Refresh] rebuilding @ http://localhost:3000/_next/static/chunks/1xcn_next_dist_1xno41f._.js:2477
[  208425ms] [LOG] [Fast Refresh] done in 379ms @ http://localhost:3000/_next/static/chunks/1xcn_next_dist_1xno41f._.js:2477
[  221683ms] [LOG] [Fast Refresh] rebuilding @ http://localhost:3000/_next/static/chunks/1xcn_next_dist_1xno41f._.js:2477
[  221894ms] [LOG] [Fast Refresh] done in 304ms @ http://localhost:3000/_next/static/chunks/1xcn_next_dist_1xno41f._.js:2477
[  222137ms] [LOG] [Fast Refresh] rebuilding @ http://localhost:3000/_next/static/chunks/1xcn_next_dist_1xno41f._.js:2477
[  222534ms] [LOG] [Fast Refresh] done in 499ms @ http://localhost:3000/_next/static/chunks/1xcn_next_dist_1xno41f._.js:2477
[  222678ms] [LOG] [Fast Refresh] rebuilding @ http://localhost:3000/_next/static/chunks/1xcn_next_dist_1xno41f._.js:2477
[  223160ms] [LOG] [Fast Refresh] done in 586ms @ http://localhost:3000/_next/static/chunks/1xcn_next_dist_1xno41f._.js:2477
[  223348ms] [LOG] [Fast Refresh] rebuilding @ http://localhost:3000/_next/static/chunks/1xcn_next_dist_1xno41f._.js:2477
[  223687ms] [LOG] [Fast Refresh] done in 442ms @ http://localhost:3000/_next/static/chunks/1xcn_next_dist_1xno41f._.js:2477
[  223855ms] [LOG] [Fast Refresh] rebuilding @ http://localhost:3000/_next/static/chunks/1xcn_next_dist_1xno41f._.js:2477
[  223872ms] [LOG] [Fast Refresh] done in 119ms @ http://localhost:3000/_next/static/chunks/1xcn_next_dist_1xno41f._.js:2477
[  224024ms] [LOG] [Fast Refresh] rebuilding @ http://localhost:3000/_next/static/chunks/1xcn_next_dist_1xno41f._.js:2477
[  224049ms] [LOG] [Fast Refresh] done in 128ms @ http://localhost:3000/_next/static/chunks/1xcn_next_dist_1xno41f._.js:2477
[  224235ms] [LOG] [Fast Refresh] rebuilding @ http://localhost:3000/_next/static/chunks/1xcn_next_dist_1xno41f._.js:2477
[  224482ms] [LOG] [Fast Refresh] done in 347ms @ http://localhost:3000/_next/static/chunks/1xcn_next_dist_1xno41f._.js:2477
[  224605ms] [LOG] [Fast Refresh] rebuilding @ http://localhost:3000/_next/static/chunks/1xcn_next_dist_1xno41f._.js:2477
[  224642ms] [LOG] [Fast Refresh] done in 139ms @ http://localhost:3000/_next/static/chunks/1xcn_next_dist_1xno41f._.js:2477
[  224765ms] [LOG] [Fast Refresh] rebuilding @ http://localhost:3000/_next/static/chunks/1xcn_next_dist_1xno41f._.js:2477
[  224776ms] [LOG] [Fast Refresh] done in 112ms @ http://localhost:3000/_next/static/chunks/1xcn_next_dist_1xno41f._.js:2477
[  224918ms] [LOG] [Fast Refresh] rebuilding @ http://localhost:3000/_next/static/chunks/1xcn_next_dist_1xno41f._.js:2477
[  224953ms] [LOG] [Fast Refresh] done in 135ms @ http://localhost:3000/_next/static/chunks/1xcn_next_dist_1xno41f._.js:2477
[  225118ms] [LOG] [Fast Refresh] rebuilding @ http://localhost:3000/_next/static/chunks/1xcn_next_dist_1xno41f._.js:2477
[  225435ms] [LOG] [Fast Refresh] done in 418ms @ http://localhost:3000/_next/static/chunks/1xcn_next_dist_1xno41f._.js:2477
[  225560ms] [LOG] [Fast Refresh] rebuilding @ http://localhost:3000/_next/static/chunks/1xcn_next_dist_1xno41f._.js:2477
[  225592ms] [LOG] [Fast Refresh] done in 133ms @ http://localhost:3000/_next/static/chunks/1xcn_next_dist_1xno41f._.js:2477
[  225871ms] [LOG] [Fast Refresh] rebuilding @ http://localhost:3000/_next/static/chunks/1xcn_next_dist_1xno41f._.js:2477
[  225895ms] [LOG] [Fast Refresh] done in 125ms @ http://localhost:3000/_next/static/chunks/1xcn_next_dist_1xno41f._.js:2477
[  226053ms] [LOG] [Fast Refresh] rebuilding @ http://localhost:3000/_next/static/chunks/1xcn_next_dist_1xno41f._.js:2477
[  226238ms] [LOG] [Fast Refresh] done in 287ms @ http://localhost:3000/_next/static/chunks/1xcn_next_dist_1xno41f._.js:2477
[  226446ms] [LOG] [Fast Refresh] rebuilding @ http://localhost:3000/_next/static/chunks/1xcn_next_dist_1xno41f._.js:2477
[  227046ms] [LOG] [Fast Refresh] done in 216ms @ http://localhost:3000/_next/static/chunks/1xcn_next_dist_1xno41f._.js:2477
[  227313ms] [LOG] [Fast Refresh] rebuilding @ http://localhost:3000/_next/static/chunks/1xcn_next_dist_1xno41f._.js:2477
[  227348ms] [LOG] [Fast Refresh] done in 137ms @ http://localhost:3000/_next/static/chunks/1xcn_next_dist_1xno41f._.js:2477
[  227498ms] [LOG] [Fast Refresh] rebuilding @ http://localhost:3000/_next/static/chunks/1xcn_next_dist_1xno41f._.js:2477
[  227519ms] [LOG] [Fast Refresh] done in 123ms @ http://localhost:3000/_next/static/chunks/1xcn_next_dist_1xno41f._.js:2477
[  227678ms] [LOG] [Fast Refresh] rebuilding @ http://localhost:3000/_next/static/chunks/1xcn_next_dist_1xno41f._.js:2477
[  227857ms] [LOG] [Fast Refresh] done in 282ms @ http://localhost:3000/_next/static/chunks/1xcn_next_dist_1xno41f._.js:2477
[  227978ms] [LOG] [Fast Refresh] rebuilding @ http://localhost:3000/_next/static/chunks/1xcn_next_dist_1xno41f._.js:2477
[  227988ms] [LOG] [Fast Refresh] done in 115ms @ http://localhost:3000/_next/static/chunks/1xcn_next_dist_1xno41f._.js:2477
[  228278ms] [LOG] [Fast Refresh] rebuilding @ http://localhost:3000/_next/static/chunks/1xcn_next_dist_1xno41f._.js:2477
[  228313ms] [LOG] [Fast Refresh] done in 137ms @ http://localhost:3000/_next/static/chunks/1xcn_next_dist_1xno41f._.js:2477
[  228454ms] [LOG] [Fast Refresh] rebuilding @ http://localhost:3000/_next/static/chunks/1xcn_next_dist_1xno41f._.js:2477
[  228489ms] [LOG] [Fast Refresh] done in 138ms @ http://localhost:3000/_next/static/chunks/1xcn_next_dist_1xno41f._.js:2477
[  228614ms] [LOG] [Fast Refresh] rebuilding @ http://localhost:3000/_next/static/chunks/1xcn_next_dist_1xno41f._.js:2477
[  228628ms] [LOG] [Fast Refresh] done in 115ms @ http://localhost:3000/_next/static/chunks/1xcn_next_dist_1xno41f._.js:2477
[  228796ms] [LOG] [Fast Refresh] rebuilding @ http://localhost:3000/_next/static/chunks/1xcn_next_dist_1xno41f._.js:2477
[  228820ms] [LOG] [Fast Refresh] done in 125ms @ http://localhost:3000/_next/static/chunks/1xcn_next_dist_1xno41f._.js:2477
[  228987ms] [LOG] [Fast Refresh] rebuilding @ http://localhost:3000/_next/static/chunks/1xcn_next_dist_1xno41f._.js:2477
[  229115ms] [LOG] [Fast Refresh] done in 230ms @ http://localhost:3000/_next/static/chunks/1xcn_next_dist_1xno41f._.js:2477
[  229239ms] [LOG] [Fast Refresh] rebuilding @ http://localhost:3000/_next/static/chunks/1xcn_next_dist_1xno41f._.js:2477
[  229251ms] [LOG] [Fast Refresh] done in 113ms @ http://localhost:3000/_next/static/chunks/1xcn_next_dist_1xno41f._.js:2477
[  229378ms] [LOG] [Fast Refresh] rebuilding @ http://localhost:3000/_next/static/chunks/1xcn_next_dist_1xno41f._.js:2477
[  229408ms] [LOG] [Fast Refresh] done in 132ms @ http://localhost:3000/_next/static/chunks/1xcn_next_dist_1xno41f._.js:2477
[  229539ms] [LOG] [Fast Refresh] rebuilding @ http://localhost:3000/_next/static/chunks/1xcn_next_dist_1xno41f._.js:2477
[  229570ms] [LOG] [Fast Refresh] done in 131ms @ http://localhost:3000/_next/static/chunks/1xcn_next_dist_1xno41f._.js:2477
[  229714ms] [LOG] [Fast Refresh] rebuilding @ http://localhost:3000/_next/static/chunks/1xcn_next_dist_1xno41f._.js:2477
[  229760ms] [LOG] [Fast Refresh] done in 147ms @ http://localhost:3000/_next/static/chunks/1xcn_next_dist_1xno41f._.js:2477
[  229937ms] [LOG] [Fast Refresh] rebuilding @ http://localhost:3000/_next/static/chunks/1xcn_next_dist_1xno41f._.js:2477
[  230098ms] [LOG] [Fast Refresh] done in 261ms @ http://localhost:3000/_next/static/chunks/1xcn_next_dist_1xno41f._.js:2477
[  230231ms] [LOG] [Fast Refresh] rebuilding @ http://localhost:3000/_next/static/chunks/1xcn_next_dist_1xno41f._.js:2477
[  230273ms] [LOG] [Fast Refresh] done in 147ms @ http://localhost:3000/_next/static/chunks/1xcn_next_dist_1xno41f._.js:2477
[  230396ms] [LOG] [Fast Refresh] rebuilding @ http://localhost:3000/_next/static/chunks/1xcn_next_dist_1xno41f._.js:2477
[  230429ms] [LOG] [Fast Refresh] done in 133ms @ http://localhost:3000/_next/static/chunks/1xcn_next_dist_1xno41f._.js:2477
[  230563ms] [LOG] [Fast Refresh] rebuilding @ http://localhost:3000/_next/static/chunks/1xcn_next_dist_1xno41f._.js:2477
[  230585ms] [LOG] [Fast Refresh] done in 123ms @ http://localhost:3000/_next/static/chunks/1xcn_next_dist_1xno41f._.js:2477
[  230743ms] [LOG] [Fast Refresh] rebuilding @ http://localhost:3000/_next/static/chunks/1xcn_next_dist_1xno41f._.js:2477
[  230784ms] [LOG] [Fast Refresh] done in 142ms @ http://localhost:3000/_next/static/chunks/1xcn_next_dist_1xno41f._.js:2477
[  230943ms] [LOG] [Fast Refresh] rebuilding @ http://localhost:3000/_next/static/chunks/1xcn_next_dist_1xno41f._.js:2477
[  230967ms] [LOG] [Fast Refresh] done in 125ms @ http://localhost:3000/_next/static/chunks/1xcn_next_dist_1xno41f._.js:2477
[  231069ms] [LOG] [Fast Refresh] rebuilding @ http://localhost:3000/_next/static/chunks/1xcn_next_dist_1xno41f._.js:2477
[  231136ms] [LOG] [Fast Refresh] done in 168ms @ http://localhost:3000/_next/static/chunks/1xcn_next_dist_1xno41f._.js:2477
[  231279ms] [LOG] [Fast Refresh] rebuilding @ http://localhost:3000/_next/static/chunks/1xcn_next_dist_1xno41f._.js:2477
[  231317ms] [LOG] [Fast Refresh] done in 142ms @ http://localhost:3000/_next/static/chunks/1xcn_next_dist_1xno41f._.js:2477
[  231437ms] [LOG] [Fast Refresh] rebuilding @ http://localhost:3000/_next/static/chunks/1xcn_next_dist_1xno41f._.js:2477
[  231463ms] [LOG] [Fast Refresh] done in 131ms @ http://localhost:3000/_next/static/chunks/1xcn_next_dist_1xno41f._.js:2477
[  231596ms] [LOG] [Fast Refresh] rebuilding @ http://localhost:3000/_next/static/chunks/1xcn_next_dist_1xno41f._.js:2477
[  231615ms] [LOG] [Fast Refresh] done in 123ms @ http://localhost:3000/_next/static/chunks/1xcn_next_dist_1xno41f._.js:2477
[  231750ms] [LOG] [Fast Refresh] rebuilding @ http://localhost:3000/_next/static/chunks/1xcn_next_dist_1xno41f._.js:2477
[  231790ms] [LOG] [Fast Refresh] done in 141ms @ http://localhost:3000/_next/static/chunks/1xcn_next_dist_1xno41f._.js:2477
[  231913ms] [LOG] [Fast Refresh] rebuilding @ http://localhost:3000/_next/static/chunks/1xcn_next_dist_1xno41f._.js:2477
[  232099ms] [LOG] [Fast Refresh] done in 285ms @ http://localhost:3000/_next/static/chunks/1xcn_next_dist_1xno41f._.js:2477
[  232252ms] [LOG] [Fast Refresh] rebuilding @ http://localhost:3000/_next/static/chunks/1xcn_next_dist_1xno41f._.js:2477
[  232288ms] [LOG] [Fast Refresh] done in 136ms @ http://localhost:3000/_next/static/chunks/1xcn_next_dist_1xno41f._.js:2477
[  232404ms] [LOG] [Fast Refresh] rebuilding @ http://localhost:3000/_next/static/chunks/1xcn_next_dist_1xno41f._.js:2477
[  232452ms] [LOG] [Fast Refresh] done in 149ms @ http://localhost:3000/_next/static/chunks/1xcn_next_dist_1xno41f._.js:2477
[  232575ms] [LOG] [Fast Refresh] rebuilding @ http://localhost:3000/_next/static/chunks/1xcn_next_dist_1xno41f._.js:2477
[  232589ms] [LOG] [Fast Refresh] done in 115ms @ http://localhost:3000/_next/static/chunks/1xcn_next_dist_1xno41f._.js:2477
[  232741ms] [LOG] [Fast Refresh] rebuilding @ http://localhost:3000/_next/static/chunks/1xcn_next_dist_1xno41f._.js:2477
[  232770ms] [LOG] [Fast Refresh] done in 129ms @ http://localhost:3000/_next/static/chunks/1xcn_next_dist_1xno41f._.js:2477
[  232890ms] [LOG] [Fast Refresh] rebuilding @ http://localhost:3000/_next/static/chunks/1xcn_next_dist_1xno41f._.js:2477
[  232909ms] [LOG] [Fast Refresh] done in 119ms @ http://localhost:3000/_next/static/chunks/1xcn_next_dist_1xno41f._.js:2477
[  233014ms] [LOG] [Fast Refresh] rebuilding @ http://localhost:3000/_next/static/chunks/1xcn_next_dist_1xno41f._.js:2477
[  233056ms] [LOG] [Fast Refresh] done in 142ms @ http://localhost:3000/_next/static/chunks/1xcn_next_dist_1xno41f._.js:2477
[  233232ms] [LOG] [Fast Refresh] rebuilding @ http://localhost:3000/_next/static/chunks/1xcn_next_dist_1xno41f._.js:2477
[  233267ms] [LOG] [Fast Refresh] done in 137ms @ http://localhost:3000/_next/static/chunks/1xcn_next_dist_1xno41f._.js:2477
[  233396ms] [LOG] [Fast Refresh] rebuilding @ http://localhost:3000/_next/static/chunks/1xcn_next_dist_1xno41f._.js:2477
[  233427ms] [LOG] [Fast Refresh] done in 133ms @ http://localhost:3000/_next/static/chunks/1xcn_next_dist_1xno41f._.js:2477
[  233543ms] [LOG] [Fast Refresh] rebuilding @ http://localhost:3000/_next/static/chunks/1xcn_next_dist_1xno41f._.js:2477
[  233554ms] [LOG] [Fast Refresh] done in 112ms @ http://localhost:3000/_next/static/chunks/1xcn_next_dist_1xno41f._.js:2477
[  233732ms] [LOG] [Fast Refresh] rebuilding @ http://localhost:3000/_next/static/chunks/1xcn_next_dist_1xno41f._.js:2477
[  233764ms] [LOG] [Fast Refresh] done in 132ms @ http://localhost:3000/_next/static/chunks/1xcn_next_dist_1xno41f._.js:2477
[  233878ms] [LOG] [Fast Refresh] rebuilding @ http://localhost:3000/_next/static/chunks/1xcn_next_dist_1xno41f._.js:2477
[  233908ms] [LOG] [Fast Refresh] done in 133ms @ http://localhost:3000/_next/static/chunks/1xcn_next_dist_1xno41f._.js:2477
[  234009ms] [LOG] [Fast Refresh] rebuilding @ http://localhost:3000/_next/static/chunks/1xcn_next_dist_1xno41f._.js:2477
[  234058ms] [LOG] [Fast Refresh] done in 149ms @ http://localhost:3000/_next/static/chunks/1xcn_next_dist_1xno41f._.js:2477
[  239916ms] [LOG] [Fast Refresh] rebuilding @ http://localhost:3000/_next/static/chunks/1xcn_next_dist_1xno41f._.js:2477
[  239940ms] [LOG] [Fast Refresh] done in 125ms @ http://localhost:3000/_next/static/chunks/1xcn_next_dist_1xno41f._.js:2477
[  247326ms] [LOG] [Fast Refresh] rebuilding @ http://localhost:3000/_next/static/chunks/1xcn_next_dist_1xno41f._.js:2477
[  248040ms] [LOG] [Fast Refresh] done in 207ms @ http://localhost:3000/_next/static/chunks/1xcn_next_dist_1xno41f._.js:2477
[  248447ms] [LOG] [Fast Refresh] rebuilding @ http://localhost:3000/_next/static/chunks/1xcn_next_dist_1xno41f._.js:2477
[  248547ms] [LOG] [Fast Refresh] done in 202ms @ http://localhost:3000/_next/static/chunks/1xcn_next_dist_1xno41f._.js:2477
[  253401ms] [LOG] [Fast Refresh] rebuilding @ http://localhost:3000/_next/static/chunks/1xcn_next_dist_1xno41f._.js:2477
[  253433ms] [LOG] [Fast Refresh] done in 135ms @ http://localhost:3000/_next/static/chunks/1xcn_next_dist_1xno41f._.js:2477
[  253487ms] [LOG] [Fast Refresh] rebuilding @ http://localhost:3000/_next/static/chunks/1xcn_next_dist_1xno41f._.js:2477
[  253750ms] [LOG] [Fast Refresh] done in 312ms @ http://localhost:3000/_next/static/chunks/1xcn_next_dist_1xno41f._.js:2477
[  253937ms] [LOG] [Fast Refresh] rebuilding @ http://localhost:3000/_next/static/chunks/1xcn_next_dist_1xno41f._.js:2477
[  254236ms] [LOG] [Fast Refresh] done in 401ms @ http://localhost:3000/_next/static/chunks/1xcn_next_dist_1xno41f._.js:2477
[  254400ms] [LOG] [Fast Refresh] rebuilding @ http://localhost:3000/_next/static/chunks/1xcn_next_dist_1xno41f._.js:2477
[  254413ms] [LOG] [Fast Refresh] done in 115ms @ http://localhost:3000/_next/static/chunks/1xcn_next_dist_1xno41f._.js:2477
[  254584ms] [LOG] [Fast Refresh] rebuilding @ http://localhost:3000/_next/static/chunks/1xcn_next_dist_1xno41f._.js:2477
[  254864ms] [LOG] [Fast Refresh] done in 382ms @ http://localhost:3000/_next/static/chunks/1xcn_next_dist_1xno41f._.js:2477
[  271043ms] [LOG] [Fast Refresh] rebuilding @ http://localhost:3000/_next/static/chunks/1xcn_next_dist_1xno41f._.js:2477
[  273288ms] [LOG] [Fast Refresh] done in 2344ms @ http://localhost:3000/_next/static/chunks/1xcn_next_dist_1xno41f._.js:2477
[  273634ms] [LOG] [Fast Refresh] rebuilding @ http://localhost:3000/_next/static/chunks/1xcn_next_dist_1xno41f._.js:2477
[  273913ms] [LOG] [Fast Refresh] done in 380ms @ http://localhost:3000/_next/static/chunks/1xcn_next_dist_1xno41f._.js:2477
[  274102ms] [LOG] [Fast Refresh] rebuilding @ http://localhost:3000/_next/static/chunks/1xcn_next_dist_1xno41f._.js:2477
[  274598ms] [LOG] [Fast Refresh] done in 598ms @ http://localhost:3000/_next/static/chunks/1xcn_next_dist_1xno41f._.js:2477
[  274768ms] [LOG] [Fast Refresh] rebuilding @ http://localhost:3000/_next/static/chunks/1xcn_next_dist_1xno41f._.js:2477
[  274774ms] [LOG] [Fast Refresh] done in 108ms @ http://localhost:3000/_next/static/chunks/1xcn_next_dist_1xno41f._.js:2477
[  274916ms] [LOG] [Fast Refresh] rebuilding @ http://localhost:3000/_next/static/chunks/1xcn_next_dist_1xno41f._.js:2477
[  274925ms] [LOG] [Fast Refresh] done in 112ms @ http://localhost:3000/_next/static/chunks/1xcn_next_dist_1xno41f._.js:2477
[  275125ms] [LOG] [Fast Refresh] rebuilding @ http://localhost:3000/_next/static/chunks/1xcn_next_dist_1xno41f._.js:2477
[  275288ms] [LOG] [Fast Refresh] done in 265ms @ http://localhost:3000/_next/static/chunks/1xcn_next_dist_1xno41f._.js:2477
[  275390ms] [LOG] [Fast Refresh] rebuilding @ http://localhost:3000/_next/static/chunks/1xcn_next_dist_1xno41f._.js:2477
[  275581ms] [LOG] [Fast Refresh] done in 293ms @ http://localhost:3000/_next/static/chunks/1xcn_next_dist_1xno41f._.js:2477
[  275731ms] [LOG] [Fast Refresh] rebuilding @ http://localhost:3000/_next/static/chunks/1xcn_next_dist_1xno41f._.js:2477
[  275741ms] [LOG] [Fast Refresh] done in 113ms @ http://localhost:3000/_next/static/chunks/1xcn_next_dist_1xno41f._.js:2477
[  275883ms] [LOG] [Fast Refresh] rebuilding @ http://localhost:3000/_next/static/chunks/1xcn_next_dist_1xno41f._.js:2477
[  275904ms] [LOG] [Fast Refresh] done in 122ms @ http://localhost:3000/_next/static/chunks/1xcn_next_dist_1xno41f._.js:2477
[  276084ms] [LOG] [Fast Refresh] rebuilding @ http://localhost:3000/_next/static/chunks/1xcn_next_dist_1xno41f._.js:2477
[  276233ms] [LOG] [Fast Refresh] done in 250ms @ http://localhost:3000/_next/static/chunks/1xcn_next_dist_1xno41f._.js:2477
[  276690ms] [LOG] [Fast Refresh] rebuilding @ http://localhost:3000/_next/static/chunks/1xcn_next_dist_1xno41f._.js:2477
[  276722ms] [LOG] [Fast Refresh] done in 134ms @ http://localhost:3000/_next/static/chunks/1xcn_next_dist_1xno41f._.js:2477
[  276867ms] [LOG] [Fast Refresh] rebuilding @ http://localhost:3000/_next/static/chunks/1xcn_next_dist_1xno41f._.js:2477
[  276890ms] [LOG] [Fast Refresh] done in 127ms @ http://localhost:3000/_next/static/chunks/1xcn_next_dist_1xno41f._.js:2477
[  277055ms] [LOG] [Fast Refresh] rebuilding @ http://localhost:3000/_next/static/chunks/1xcn_next_dist_1xno41f._.js:2477
[  277094ms] [LOG] [Fast Refresh] done in 140ms @ http://localhost:3000/_next/static/chunks/1xcn_next_dist_1xno41f._.js:2477
[  277202ms] [LOG] [Fast Refresh] rebuilding @ http://localhost:3000/_next/static/chunks/1xcn_next_dist_1xno41f._.js:2477
[  277466ms] [LOG] [Fast Refresh] done in 367ms @ http://localhost:3000/_next/static/chunks/1xcn_next_dist_1xno41f._.js:2477
[  277672ms] [LOG] [Fast Refresh] rebuilding @ http://localhost:3000/_next/static/chunks/1xcn_next_dist_1xno41f._.js:2477
[  277709ms] [LOG] [Fast Refresh] done in 140ms @ http://localhost:3000/_next/static/chunks/1xcn_next_dist_1xno41f._.js:2477
[  277852ms] [LOG] [Fast Refresh] rebuilding @ http://localhost:3000/_next/static/chunks/1xcn_next_dist_1xno41f._.js:2477
[  277866ms] [LOG] [Fast Refresh] done in 115ms @ http://localhost:3000/_next/static/chunks/1xcn_next_dist_1xno41f._.js:2477
[  278037ms] [LOG] [Fast Refresh] rebuilding @ http://localhost:3000/_next/static/chunks/1xcn_next_dist_1xno41f._.js:2477
[  278078ms] [LOG] [Fast Refresh] done in 143ms @ http://localhost:3000/_next/static/chunks/1xcn_next_dist_1xno41f._.js:2477
[  278179ms] [LOG] [Fast Refresh] rebuilding @ http://localhost:3000/_next/static/chunks/1xcn_next_dist_1xno41f._.js:2477
[  278202ms] [LOG] [Fast Refresh] done in 124ms @ http://localhost:3000/_next/static/chunks/1xcn_next_dist_1xno41f._.js:2477
[  278308ms] [LOG] [Fast Refresh] rebuilding @ http://localhost:3000/_next/static/chunks/1xcn_next_dist_1xno41f._.js:2477
[  278447ms] [LOG] [Fast Refresh] done in 242ms @ http://localhost:3000/_next/static/chunks/1xcn_next_dist_1xno41f._.js:2477
[  278643ms] [LOG] [Fast Refresh] rebuilding @ http://localhost:3000/_next/static/chunks/1xcn_next_dist_1xno41f._.js:2477
[  278654ms] [LOG] [Fast Refresh] done in 113ms @ http://localhost:3000/_next/static/chunks/1xcn_next_dist_1xno41f._.js:2477
[  278791ms] [LOG] [Fast Refresh] rebuilding @ http://localhost:3000/_next/static/chunks/1xcn_next_dist_1xno41f._.js:2477
[  278815ms] [LOG] [Fast Refresh] done in 126ms @ http://localhost:3000/_next/static/chunks/1xcn_next_dist_1xno41f._.js:2477
[  278990ms] [LOG] [Fast Refresh] rebuilding @ http://localhost:3000/_next/static/chunks/1xcn_next_dist_1xno41f._.js:2477
[  279021ms] [LOG] [Fast Refresh] done in 134ms @ http://localhost:3000/_next/static/chunks/1xcn_next_dist_1xno41f._.js:2477
[  279126ms] [LOG] [Fast Refresh] rebuilding @ http://localhost:3000/_next/static/chunks/1xcn_next_dist_1xno41f._.js:2477
[  279239ms] [LOG] [Fast Refresh] done in 217ms @ http://localhost:3000/_next/static/chunks/1xcn_next_dist_1xno41f._.js:2477
[  279355ms] [LOG] [Fast Refresh] rebuilding @ http://localhost:3000/_next/static/chunks/1xcn_next_dist_1xno41f._.js:2477
[  279390ms] [LOG] [Fast Refresh] done in 139ms @ http://localhost:3000/_next/static/chunks/1xcn_next_dist_1xno41f._.js:2477
[  279585ms] [LOG] [Fast Refresh] rebuilding @ http://localhost:3000/_next/static/chunks/1xcn_next_dist_1xno41f._.js:2477
[  279600ms] [LOG] [Fast Refresh] done in 119ms @ http://localhost:3000/_next/static/chunks/1xcn_next_dist_1xno41f._.js:2477
[  279742ms] [LOG] [Fast Refresh] rebuilding @ http://localhost:3000/_next/static/chunks/1xcn_next_dist_1xno41f._.js:2477
[  279764ms] [LOG] [Fast Refresh] done in 125ms @ http://localhost:3000/_next/static/chunks/1xcn_next_dist_1xno41f._.js:2477
[  279926ms] [LOG] [Fast Refresh] rebuilding @ http://localhost:3000/_next/static/chunks/1xcn_next_dist_1xno41f._.js:2477
[  280080ms] [LOG] [Fast Refresh] done in 254ms @ http://localhost:3000/_next/static/chunks/1xcn_next_dist_1xno41f._.js:2477
[  280198ms] [LOG] [Fast Refresh] rebuilding @ http://localhost:3000/_next/static/chunks/1xcn_next_dist_1xno41f._.js:2477
[  280214ms] [LOG] [Fast Refresh] done in 118ms @ http://localhost:3000/_next/static/chunks/1xcn_next_dist_1xno41f._.js:2477
[  280326ms] [LOG] [Fast Refresh] rebuilding @ http://localhost:3000/_next/static/chunks/1xcn_next_dist_1xno41f._.js:2477
[  280345ms] [LOG] [Fast Refresh] done in 122ms @ http://localhost:3000/_next/static/chunks/1xcn_next_dist_1xno41f._.js:2477
[  280532ms] [LOG] [Fast Refresh] rebuilding @ http://localhost:3000/_next/static/chunks/1xcn_next_dist_1xno41f._.js:2477
[  280535ms] [LOG] [Fast Refresh] done in 104ms @ http://localhost:3000/_next/static/chunks/1xcn_next_dist_1xno41f._.js:2477
[  280685ms] [LOG] [Fast Refresh] rebuilding @ http://localhost:3000/_next/static/chunks/1xcn_next_dist_1xno41f._.js:2477
[  280729ms] [LOG] [Fast Refresh] done in 145ms @ http://localhost:3000/_next/static/chunks/1xcn_next_dist_1xno41f._.js:2477
[  280891ms] [LOG] [Fast Refresh] rebuilding @ http://localhost:3000/_next/static/chunks/1xcn_next_dist_1xno41f._.js:2477
[  280920ms] [LOG] [Fast Refresh] done in 130ms @ http://localhost:3000/_next/static/chunks/1xcn_next_dist_1xno41f._.js:2477
[  281028ms] [LOG] [Fast Refresh] rebuilding @ http://localhost:3000/_next/static/chunks/1xcn_next_dist_1xno41f._.js:2477
[  281059ms] [LOG] [Fast Refresh] done in 132ms @ http://localhost:3000/_next/static/chunks/1xcn_next_dist_1xno41f._.js:2477
[  281168ms] [LOG] [Fast Refresh] rebuilding @ http://localhost:3000/_next/static/chunks/1xcn_next_dist_1xno41f._.js:2477
[  281313ms] [LOG] [Fast Refresh] done in 246ms @ http://localhost:3000/_next/static/chunks/1xcn_next_dist_1xno41f._.js:2477
[  314638ms] [LOG] [Fast Refresh] rebuilding @ http://localhost:3000/_next/static/chunks/1xcn_next_dist_1xno41f._.js:2477
[  314884ms] [LOG] [Fast Refresh] done in 201ms @ http://localhost:3000/_next/static/chunks/1xcn_next_dist_1xno41f._.js:2477
[  314993ms] [LOG] [Fast Refresh] rebuilding @ http://localhost:3000/_next/static/chunks/1xcn_next_dist_1xno41f._.js:2477
[  315365ms] [LOG] [Fast Refresh] done in 473ms @ http://localhost:3000/_next/static/chunks/1xcn_next_dist_1xno41f._.js:2477
[  322596ms] [LOG] [Fast Refresh] rebuilding @ http://localhost:3000/_next/static/chunks/1xcn_next_dist_1xno41f._.js:2477
[  322628ms] [LOG] [Fast Refresh] done in 134ms @ http://localhost:3000/_next/static/chunks/1xcn_next_dist_1xno41f._.js:2477
[  322826ms] [LOG] [Fast Refresh] rebuilding @ http://localhost:3000/_next/static/chunks/1xcn_next_dist_1xno41f._.js:2477
[  322843ms] [LOG] [Fast Refresh] done in 119ms @ http://localhost:3000/_next/static/chunks/1xcn_next_dist_1xno41f._.js:2477
[  340497ms] [LOG] [Fast Refresh] rebuilding @ http://localhost:3000/_next/static/chunks/1xcn_next_dist_1xno41f._.js:2477
[  340539ms] [LOG] [Fast Refresh] done in 143ms @ http://localhost:3000/_next/static/chunks/1xcn_next_dist_1xno41f._.js:2477
[  350403ms] [LOG] [Fast Refresh] rebuilding @ http://localhost:3000/_next/static/chunks/1xcn_next_dist_1xno41f._.js:2477
[  350422ms] [LOG] [Fast Refresh] done in 120ms @ http://localhost:3000/_next/static/chunks/1xcn_next_dist_1xno41f._.js:2477
[  363520ms] [LOG] [Fast Refresh] rebuilding @ http://localhost:3000/_next/static/chunks/1xcn_next_dist_1xno41f._.js:2477
[  363719ms] [LOG] [Fast Refresh] done in 296ms @ http://localhost:3000/_next/static/chunks/1xcn_next_dist_1xno41f._.js:2477
[  363972ms] [LOG] [Fast Refresh] rebuilding @ http://localhost:3000/_next/static/chunks/1xcn_next_dist_1xno41f._.js:2477
[  364394ms] [LOG] [Fast Refresh] done in 523ms @ http://localhost:3000/_next/static/chunks/1xcn_next_dist_1xno41f._.js:2477
[  364543ms] [LOG] [Fast Refresh] rebuilding @ http://localhost:3000/_next/static/chunks/1xcn_next_dist_1xno41f._.js:2477
[  364687ms] [LOG] [Fast Refresh] done in 247ms @ http://localhost:3000/_next/static/chunks/1xcn_next_dist_1xno41f._.js:2477
[  364879ms] [LOG] [Fast Refresh] rebuilding @ http://localhost:3000/_next/static/chunks/1xcn_next_dist_1xno41f._.js:2477
[  365335ms] [LOG] [Fast Refresh] done in 559ms @ http://localhost:3000/_next/static/chunks/1xcn_next_dist_1xno41f._.js:2477
[  372673ms] [LOG] [Fast Refresh] rebuilding @ http://localhost:3000/_next/static/chunks/1xcn_next_dist_1xno41f._.js:2477
[  372685ms] [LOG] [Fast Refresh] done in 117ms @ http://localhost:3000/_next/static/chunks/1xcn_next_dist_1xno41f._.js:2477
[  372827ms] [LOG] [Fast Refresh] rebuilding @ http://localhost:3000/_next/static/chunks/1xcn_next_dist_1xno41f._.js:2477
[  372972ms] [LOG] [Fast Refresh] done in 210ms @ http://localhost:3000/_next/static/chunks/1xcn_next_dist_1xno41f._.js:2477
[  386697ms] [LOG] [Fast Refresh] rebuilding @ http://localhost:3000/_next/static/chunks/1xcn_next_dist_1xno41f._.js:2477
[  386981ms] [LOG] [Fast Refresh] done in 382ms @ http://localhost:3000/_next/static/chunks/1xcn_next_dist_1xno41f._.js:2477
[  387267ms] [LOG] [Fast Refresh] rebuilding @ http://localhost:3000/_next/static/chunks/1xcn_next_dist_1xno41f._.js:2477
[  387583ms] [LOG] [Fast Refresh] done in 419ms @ http://localhost:3000/_next/static/chunks/1xcn_next_dist_1xno41f._.js:2477
[  387714ms] [LOG] [Fast Refresh] rebuilding @ http://localhost:3000/_next/static/chunks/1xcn_next_dist_1xno41f._.js:2477
[  387753ms] [LOG] [Fast Refresh] done in 142ms @ http://localhost:3000/_next/static/chunks/1xcn_next_dist_1xno41f._.js:2477
[  387943ms] [LOG] [Fast Refresh] rebuilding @ http://localhost:3000/_next/static/chunks/1xcn_next_dist_1xno41f._.js:2477
[  388449ms] [LOG] [Fast Refresh] done in 606ms @ http://localhost:3000/_next/static/chunks/1xcn_next_dist_1xno41f._.js:2477
[  388638ms] [LOG] [Fast Refresh] rebuilding @ http://localhost:3000/_next/static/chunks/1xcn_next_dist_1xno41f._.js:2477
[  388815ms] [LOG] [Fast Refresh] done in 278ms @ http://localhost:3000/_next/static/chunks/1xcn_next_dist_1xno41f._.js:2477
[  388973ms] [LOG] [Fast Refresh] rebuilding @ http://localhost:3000/_next/static/chunks/1xcn_next_dist_1xno41f._.js:2477
[  389042ms] [LOG] [Fast Refresh] done in 172ms @ http://localhost:3000/_next/static/chunks/1xcn_next_dist_1xno41f._.js:2477
[  389213ms] [LOG] [Fast Refresh] rebuilding @ http://localhost:3000/_next/static/chunks/1xcn_next_dist_1xno41f._.js:2477
[  389557ms] [LOG] [Fast Refresh] done in 448ms @ http://localhost:3000/_next/static/chunks/1xcn_next_dist_1xno41f._.js:2477
[  389672ms] [LOG] [Fast Refresh] rebuilding @ http://localhost:3000/_next/static/chunks/1xcn_next_dist_1xno41f._.js:2477
[  389738ms] [LOG] [Fast Refresh] done in 166ms @ http://localhost:3000/_next/static/chunks/1xcn_next_dist_1xno41f._.js:2477
[  389878ms] [LOG] [Fast Refresh] rebuilding @ http://localhost:3000/_next/static/chunks/1xcn_next_dist_1xno41f._.js:2477
[  389921ms] [LOG] [Fast Refresh] done in 145ms @ http://localhost:3000/_next/static/chunks/1xcn_next_dist_1xno41f._.js:2477
[  390078ms] [LOG] [Fast Refresh] rebuilding @ http://localhost:3000/_next/static/chunks/1xcn_next_dist_1xno41f._.js:2477
[  390118ms] [LOG] [Fast Refresh] done in 141ms @ http://localhost:3000/_next/static/chunks/1xcn_next_dist_1xno41f._.js:2477
[  390272ms] [LOG] [Fast Refresh] rebuilding @ http://localhost:3000/_next/static/chunks/1xcn_next_dist_1xno41f._.js:2477
[  390553ms] [LOG] [Fast Refresh] done in 381ms @ http://localhost:3000/_next/static/chunks/1xcn_next_dist_1xno41f._.js:2477
[  390673ms] [LOG] [Fast Refresh] rebuilding @ http://localhost:3000/_next/static/chunks/1xcn_next_dist_1xno41f._.js:2477
[  390708ms] [LOG] [Fast Refresh] done in 135ms @ http://localhost:3000/_next/static/chunks/1xcn_next_dist_1xno41f._.js:2477
[  390896ms] [LOG] [Fast Refresh] rebuilding @ http://localhost:3000/_next/static/chunks/1xcn_next_dist_1xno41f._.js:2477
[  390904ms] [LOG] [Fast Refresh] done in 109ms @ http://localhost:3000/_next/static/chunks/1xcn_next_dist_1xno41f._.js:2477
[  391049ms] [LOG] [Fast Refresh] rebuilding @ http://localhost:3000/_next/static/chunks/1xcn_next_dist_1xno41f._.js:2477
[  391082ms] [LOG] [Fast Refresh] done in 136ms @ http://localhost:3000/_next/static/chunks/1xcn_next_dist_1xno41f._.js:2477
[  391240ms] [LOG] [Fast Refresh] rebuilding @ http://localhost:3000/_next/static/chunks/1xcn_next_dist_1xno41f._.js:2477
[  391382ms] [LOG] [Fast Refresh] done in 243ms @ http://localhost:3000/_next/static/chunks/1xcn_next_dist_1xno41f._.js:2477
[  391485ms] [LOG] [Fast Refresh] rebuilding @ http://localhost:3000/_next/static/chunks/1xcn_next_dist_1xno41f._.js:2477
[  391533ms] [LOG] [Fast Refresh] done in 150ms @ http://localhost:3000/_next/static/chunks/1xcn_next_dist_1xno41f._.js:2477
[  391637ms] [LOG] [Fast Refresh] rebuilding @ http://localhost:3000/_next/static/chunks/1xcn_next_dist_1xno41f._.js:2477
[  391684ms] [LOG] [Fast Refresh] done in 151ms @ http://localhost:3000/_next/static/chunks/1xcn_next_dist_1xno41f._.js:2477
[  391973ms] [LOG] [Fast Refresh] rebuilding @ http://localhost:3000/_next/static/chunks/1xcn_next_dist_1xno41f._.js:2477
[  392018ms] [LOG] [Fast Refresh] done in 148ms @ http://localhost:3000/_next/static/chunks/1xcn_next_dist_1xno41f._.js:2477
[  392178ms] [LOG] [Fast Refresh] rebuilding @ http://localhost:3000/_next/static/chunks/1xcn_next_dist_1xno41f._.js:2477
[  392316ms] [LOG] [Fast Refresh] done in 240ms @ http://localhost:3000/_next/static/chunks/1xcn_next_dist_1xno41f._.js:2477
[  392419ms] [LOG] [Fast Refresh] rebuilding @ http://localhost:3000/_next/static/chunks/1xcn_next_dist_1xno41f._.js:2477
[  392572ms] [LOG] [Fast Refresh] done in 254ms @ http://localhost:3000/_next/static/chunks/1xcn_next_dist_1xno41f._.js:2477
[  392775ms] [LOG] [Fast Refresh] rebuilding @ http://localhost:3000/_next/static/chunks/1xcn_next_dist_1xno41f._.js:2477
[  392809ms] [LOG] [Fast Refresh] done in 136ms @ http://localhost:3000/_next/static/chunks/1xcn_next_dist_1xno41f._.js:2477
[  392961ms] [LOG] [Fast Refresh] rebuilding @ http://localhost:3000/_next/static/chunks/1xcn_next_dist_1xno41f._.js:2477
[  392994ms] [LOG] [Fast Refresh] done in 135ms @ http://localhost:3000/_next/static/chunks/1xcn_next_dist_1xno41f._.js:2477
[  393126ms] [LOG] [Fast Refresh] rebuilding @ http://localhost:3000/_next/static/chunks/1xcn_next_dist_1xno41f._.js:2477
[  393236ms] [LOG] [Fast Refresh] done in 210ms @ http://localhost:3000/_next/static/chunks/1xcn_next_dist_1xno41f._.js:2477
[  393345ms] [LOG] [Fast Refresh] rebuilding @ http://localhost:3000/_next/static/chunks/1xcn_next_dist_1xno41f._.js:2477
[  393479ms] [LOG] [Fast Refresh] done in 234ms @ http://localhost:3000/_next/static/chunks/1xcn_next_dist_1xno41f._.js:2477
[  393675ms] [LOG] [Fast Refresh] rebuilding @ http://localhost:3000/_next/static/chunks/1xcn_next_dist_1xno41f._.js:2477
[  393691ms] [LOG] [Fast Refresh] done in 119ms @ http://localhost:3000/_next/static/chunks/1xcn_next_dist_1xno41f._.js:2477
[  393825ms] [LOG] [Fast Refresh] rebuilding @ http://localhost:3000/_next/static/chunks/1xcn_next_dist_1xno41f._.js:2477
[  393866ms] [LOG] [Fast Refresh] done in 142ms @ http://localhost:3000/_next/static/chunks/1xcn_next_dist_1xno41f._.js:2477
[  403055ms] [LOG] [Fast Refresh] rebuilding @ http://localhost:3000/_next/static/chunks/1xcn_next_dist_1xno41f._.js:2477
[  403243ms] [LOG] [Fast Refresh] done in 285ms @ http://localhost:3000/_next/static/chunks/1xcn_next_dist_1xno41f._.js:2477
[  403251ms] [LOG] [Fast Refresh] rebuilding @ http://localhost:3000/_next/static/chunks/1xcn_next_dist_1xno41f._.js:2477
[  403310ms] [LOG] [Fast Refresh] done in 58ms @ http://localhost:3000/_next/static/chunks/1xcn_next_dist_1xno41f._.js:2477
[  403454ms] [LOG] [Fast Refresh] rebuilding @ http://localhost:3000/_next/static/chunks/1xcn_next_dist_1xno41f._.js:2477
[  403664ms] [LOG] [Fast Refresh] done in 311ms @ http://localhost:3000/_next/static/chunks/1xcn_next_dist_1xno41f._.js:2477
[  403814ms] [LOG] [Fast Refresh] rebuilding @ http://localhost:3000/_next/static/chunks/1xcn_next_dist_1xno41f._.js:2477
[  403840ms] [LOG] [Fast Refresh] done in 126ms @ http://localhost:3000/_next/static/chunks/1xcn_next_dist_1xno41f._.js:2477
[  404004ms] [LOG] [Fast Refresh] rebuilding @ http://localhost:3000/_next/static/chunks/1xcn_next_dist_1xno41f._.js:2477
[  404339ms] [LOG] [Fast Refresh] done in 435ms @ http://localhost:3000/_next/static/chunks/1xcn_next_dist_1xno41f._.js:2477
[  404531ms] [LOG] [Fast Refresh] rebuilding @ http://localhost:3000/_next/static/chunks/1xcn_next_dist_1xno41f._.js:2477
[  404572ms] [LOG] [Fast Refresh] done in 143ms @ http://localhost:3000/_next/static/chunks/1xcn_next_dist_1xno41f._.js:2477
[  404682ms] [LOG] [Fast Refresh] rebuilding @ http://localhost:3000/_next/static/chunks/1xcn_next_dist_1xno41f._.js:2477
[  404706ms] [LOG] [Fast Refresh] done in 126ms @ http://localhost:3000/_next/static/chunks/1xcn_next_dist_1xno41f._.js:2477
[  404872ms] [LOG] [Fast Refresh] rebuilding @ http://localhost:3000/_next/static/chunks/1xcn_next_dist_1xno41f._.js:2477
[  405013ms] [LOG] [Fast Refresh] done in 244ms @ http://localhost:3000/_next/static/chunks/1xcn_next_dist_1xno41f._.js:2477
[  405119ms] [LOG] [Fast Refresh] rebuilding @ http://localhost:3000/_next/static/chunks/1xcn_next_dist_1xno41f._.js:2477
[  405196ms] [LOG] [Fast Refresh] done in 179ms @ http://localhost:3000/_next/static/chunks/1xcn_next_dist_1xno41f._.js:2477
[  405372ms] [LOG] [Fast Refresh] rebuilding @ http://localhost:3000/_next/static/chunks/1xcn_next_dist_1xno41f._.js:2477
[  405372ms] [LOG] [Fast Refresh] done in 105ms @ http://localhost:3000/_next/static/chunks/1xcn_next_dist_1xno41f._.js:2477
[  405507ms] [LOG] [Fast Refresh] rebuilding @ http://localhost:3000/_next/static/chunks/1xcn_next_dist_1xno41f._.js:2477
[  405517ms] [LOG] [Fast Refresh] done in 110ms @ http://localhost:3000/_next/static/chunks/1xcn_next_dist_1xno41f._.js:2477
[  405674ms] [LOG] [Fast Refresh] rebuilding @ http://localhost:3000/_next/static/chunks/1xcn_next_dist_1xno41f._.js:2477
[  405739ms] [LOG] [Fast Refresh] done in 166ms @ http://localhost:3000/_next/static/chunks/1xcn_next_dist_1xno41f._.js:2477
[  405854ms] [LOG] [Fast Refresh] rebuilding @ http://localhost:3000/_next/static/chunks/1xcn_next_dist_1xno41f._.js:2477
[  405878ms] [LOG] [Fast Refresh] done in 128ms @ http://localhost:3000/_next/static/chunks/1xcn_next_dist_1xno41f._.js:2477
[  405982ms] [LOG] [Fast Refresh] rebuilding @ http://localhost:3000/_next/static/chunks/1xcn_next_dist_1xno41f._.js:2477
[  405990ms] [LOG] [Fast Refresh] done in 109ms @ http://localhost:3000/_next/static/chunks/1xcn_next_dist_1xno41f._.js:2477
[  406225ms] [LOG] [Fast Refresh] rebuilding @ http://localhost:3000/_next/static/chunks/1xcn_next_dist_1xno41f._.js:2477
[  406518ms] [LOG] [Fast Refresh] done in 395ms @ http://localhost:3000/_next/static/chunks/1xcn_next_dist_1xno41f._.js:2477
[  406660ms] [LOG] [Fast Refresh] rebuilding @ http://localhost:3000/_next/static/chunks/1xcn_next_dist_1xno41f._.js:2477
[  406670ms] [LOG] [Fast Refresh] done in 112ms @ http://localhost:3000/_next/static/chunks/1xcn_next_dist_1xno41f._.js:2477
[  406808ms] [LOG] [Fast Refresh] rebuilding @ http://localhost:3000/_next/static/chunks/1xcn_next_dist_1xno41f._.js:2477
[  406905ms] [LOG] [Fast Refresh] done in 201ms @ http://localhost:3000/_next/static/chunks/1xcn_next_dist_1xno41f._.js:2477
[  407105ms] [LOG] [Fast Refresh] rebuilding @ http://localhost:3000/_next/static/chunks/1xcn_next_dist_1xno41f._.js:2477
[  407118ms] [LOG] [Fast Refresh] done in 114ms @ http://localhost:3000/_next/static/chunks/1xcn_next_dist_1xno41f._.js:2477
[  407280ms] [LOG] [Fast Refresh] rebuilding @ http://localhost:3000/_next/static/chunks/1xcn_next_dist_1xno41f._.js:2477
[  407295ms] [LOG] [Fast Refresh] done in 116ms @ http://localhost:3000/_next/static/chunks/1xcn_next_dist_1xno41f._.js:2477
[  407456ms] [LOG] [Fast Refresh] rebuilding @ http://localhost:3000/_next/static/chunks/1xcn_next_dist_1xno41f._.js:2477
[  407463ms] [LOG] [Fast Refresh] done in 107ms @ http://localhost:3000/_next/static/chunks/1xcn_next_dist_1xno41f._.js:2477
[  407612ms] [LOG] [Fast Refresh] rebuilding @ http://localhost:3000/_next/static/chunks/1xcn_next_dist_1xno41f._.js:2477
[  407629ms] [LOG] [Fast Refresh] done in 117ms @ http://localhost:3000/_next/static/chunks/1xcn_next_dist_1xno41f._.js:2477
[  407729ms] [LOG] [Fast Refresh] rebuilding @ http://localhost:3000/_next/static/chunks/1xcn_next_dist_1xno41f._.js:2477
[  407729ms] [LOG] [Fast Refresh] done in 100ms @ http://localhost:3000/_next/static/chunks/1xcn_next_dist_1xno41f._.js:2477
[  408218ms] [LOG] [Fast Refresh] rebuilding @ http://localhost:3000/_next/static/chunks/1xcn_next_dist_1xno41f._.js:2477
[  408234ms] [LOG] [Fast Refresh] done in 117ms @ http://localhost:3000/_next/static/chunks/1xcn_next_dist_1xno41f._.js:2477
[  408375ms] [LOG] [Fast Refresh] rebuilding @ http://localhost:3000/_next/static/chunks/1xcn_next_dist_1xno41f._.js:2477
[  408410ms] [LOG] [Fast Refresh] done in 135ms @ http://localhost:3000/_next/static/chunks/1xcn_next_dist_1xno41f._.js:2477
[  408515ms] [LOG] [Fast Refresh] rebuilding @ http://localhost:3000/_next/static/chunks/1xcn_next_dist_1xno41f._.js:2477
[  408519ms] [LOG] [Fast Refresh] done in 109ms @ http://localhost:3000/_next/static/chunks/1xcn_next_dist_1xno41f._.js:2477
[  408620ms] [LOG] [Fast Refresh] rebuilding @ http://localhost:3000/_next/static/chunks/1xcn_next_dist_1xno41f._.js:2477
[  408626ms] [LOG] [Fast Refresh] done in 106ms @ http://localhost:3000/_next/static/chunks/1xcn_next_dist_1xno41f._.js:2477
[  409006ms] [LOG] [Fast Refresh] rebuilding @ http://localhost:3000/_next/static/chunks/1xcn_next_dist_1xno41f._.js:2477
[  409041ms] [LOG] [Fast Refresh] done in 135ms @ http://localhost:3000/_next/static/chunks/1xcn_next_dist_1xno41f._.js:2477
[  409156ms] [LOG] [Fast Refresh] rebuilding @ http://localhost:3000/_next/static/chunks/1xcn_next_dist_1xno41f._.js:2477
[  409353ms] [LOG] [Fast Refresh] done in 299ms @ http://localhost:3000/_next/static/chunks/1xcn_next_dist_1xno41f._.js:2477
[  435444ms] [LOG] [Fast Refresh] rebuilding @ http://localhost:3000/_next/static/chunks/1xcn_next_dist_1xno41f._.js:2477
[  435476ms] [LOG] [Fast Refresh] done in 133ms @ http://localhost:3000/_next/static/chunks/1xcn_next_dist_1xno41f._.js:2477
[  435579ms] [LOG] [Fast Refresh] rebuilding @ http://localhost:3000/_next/static/chunks/1xcn_next_dist_1xno41f._.js:2477
[  436229ms] [LOG] [Fast Refresh] done in 747ms @ http://localhost:3000/_next/static/chunks/1xcn_next_dist_1xno41f._.js:2477
[  436455ms] [LOG] [Fast Refresh] rebuilding @ http://localhost:3000/_next/static/chunks/1xcn_next_dist_1xno41f._.js:2477
[  436948ms] [LOG] [Fast Refresh] done in 595ms @ http://localhost:3000/_next/static/chunks/1xcn_next_dist_1xno41f._.js:2477
[  437078ms] [LOG] [Fast Refresh] rebuilding @ http://localhost:3000/_next/static/chunks/1xcn_next_dist_1xno41f._.js:2477
[  437110ms] [LOG] [Fast Refresh] done in 131ms @ http://localhost:3000/_next/static/chunks/1xcn_next_dist_1xno41f._.js:2477
[  437321ms] [LOG] [Fast Refresh] rebuilding @ http://localhost:3000/_next/static/chunks/1xcn_next_dist_1xno41f._.js:2477
[  437836ms] [LOG] [Fast Refresh] done in 616ms @ http://localhost:3000/_next/static/chunks/1xcn_next_dist_1xno41f._.js:2477
[  438020ms] [LOG] [Fast Refresh] rebuilding @ http://localhost:3000/_next/static/chunks/1xcn_next_dist_1xno41f._.js:2477
[  438047ms] [LOG] [Fast Refresh] done in 128ms @ http://localhost:3000/_next/static/chunks/1xcn_next_dist_1xno41f._.js:2477
[  438208ms] [LOG] [Fast Refresh] rebuilding @ http://localhost:3000/_next/static/chunks/1xcn_next_dist_1xno41f._.js:2477
[  438242ms] [LOG] [Fast Refresh] done in 134ms @ http://localhost:3000/_next/static/chunks/1xcn_next_dist_1xno41f._.js:2477
[  438405ms] [LOG] [Fast Refresh] rebuilding @ http://localhost:3000/_next/static/chunks/1xcn_next_dist_1xno41f._.js:2477
[  438844ms] [LOG] [Fast Refresh] done in 540ms @ http://localhost:3000/_next/static/chunks/1xcn_next_dist_1xno41f._.js:2477
[  503466ms] [LOG] [Fast Refresh] rebuilding @ http://localhost:3000/_next/static/chunks/1xcn_next_dist_1xno41f._.js:2477
[  503503ms] [LOG] [Fast Refresh] done in 137ms @ http://localhost:3000/_next/static/chunks/1xcn_next_dist_1xno41f._.js:2477
