[     136ms] [LOG] [Fast Refresh] rebuilding @ http://localhost:3000/_next/static/chunks/1xcn_next_dist_1xno41f._.js:2477
[     654ms] [LOG] [Fast Refresh] done in 618ms @ http://localhost:3000/_next/static/chunks/1xcn_next_dist_1xno41f._.js:2477
[     851ms] [INFO] %cDownload the React DevTools for a better development experience: https://react.dev/link/react-devtools font-weight:bold @ http://localhost:3000/_next/static/chunks/1xcn_next_dist_1xno41f._.js:2477
[     963ms] [LOG] [HMR] connected @ http://localhost:3000/_next/static/chunks/1xcn_next_dist_1xno41f._.js:2477
[    1959ms] [WARNING] THREE.Clock: This module has been deprecated. Please use THREE.Timer instead. @ http://localhost:3000/_next/static/chunks/1xcn_next_dist_1xno41f._.js:2477
[   52364ms] [LOG] [Fast Refresh] rebuilding @ http://localhost:3000/_next/static/chunks/1xcn_next_dist_1xno41f._.js:2477
[   52372ms] [LOG] [Fast Refresh] done in 110ms @ http://localhost:3000/_next/static/chunks/1xcn_next_dist_1xno41f._.js:2477
[   52407ms] [LOG] [Fast Refresh] rebuilding @ http://localhost:3000/_next/static/chunks/1xcn_next_dist_1xno41f._.js:2477
[   52442ms] [LOG] [Fast Refresh] done in 62ms @ http://localhost:3000/_next/static/chunks/1xcn_next_dist_1xno41f._.js:2477
[   52543ms] [LOG] [Fast Refresh] rebuilding @ http://localhost:3000/_next/static/chunks/1xcn_next_dist_1xno41f._.js:2477
[   52811ms] [LOG] [Fast Refresh] done in 366ms @ http://localhost:3000/_next/static/chunks/1xcn_next_dist_1xno41f._.js:2477
[   52945ms] [LOG] [Fast Refresh] rebuilding @ http://localhost:3000/_next/static/chunks/1xcn_next_dist_1xno41f._.js:2477
[   53090ms] [LOG] [Fast Refresh] done in 246ms @ http://localhost:3000/_next/static/chunks/1xcn_next_dist_1xno41f._.js:2477
[   53353ms] [LOG] [Fast Refresh] rebuilding @ http://localhost:3000/_next/static/chunks/1xcn_next_dist_1xno41f._.js:2477
[   54089ms] [LOG] [Fast Refresh] done in 839ms @ http://localhost:3000/_next/static/chunks/1xcn_next_dist_1xno41f._.js:2477
[   54413ms] [LOG] [Fast Refresh] rebuilding @ http://localhost:3000/_next/static/chunks/1xcn_next_dist_1xno41f._.js:2477
[   54459ms] [LOG] [Fast Refresh] done in 147ms @ http://localhost:3000/_next/static/chunks/1xcn_next_dist_1xno41f._.js:2477
[   82755ms] [LOG] [Fast Refresh] rebuilding @ http://localhost:3000/_next/static/chunks/1xcn_next_dist_1xno41f._.js:2477
[   82863ms] [LOG] [Fast Refresh] done in 136ms @ http://localhost:3000/_next/static/chunks/1xcn_next_dist_1xno41f._.js:2477
[  104863ms] [LOG] [Fast Refresh] rebuilding @ http://localhost:3000/_next/static/chunks/1xcn_next_dist_1xno41f._.js:2477
[  104893ms] [LOG] [Fast Refresh] done in 132ms @ http://localhost:3000/_next/static/chunks/1xcn_next_dist_1xno41f._.js:2477
[  105034ms] [LOG] [Fast Refresh] rebuilding @ http://localhost:3000/_next/static/chunks/1xcn_next_dist_1xno41f._.js:2477
[  105479ms] [LOG] [Fast Refresh] done in 495ms @ http://localhost:3000/_next/static/chunks/1xcn_next_dist_1xno41f._.js:2477
[  105813ms] [LOG] [Fast Refresh] rebuilding @ http://localhost:3000/_next/static/chunks/1xcn_next_dist_1xno41f._.js:2477
[  105901ms] [LOG] [Fast Refresh] done in 189ms @ http://localhost:3000/_next/static/chunks/1xcn_next_dist_1xno41f._.js:2477
[  106135ms] [LOG] [Fast Refresh] rebuilding @ http://localhost:3000/_next/static/chunks/1xcn_next_dist_1xno41f._.js:2477
[  106992ms] [LOG] [Fast Refresh] done in 959ms @ http://localhost:3000/_next/static/chunks/1xcn_next_dist_1xno41f._.js:2477
[  107319ms] [LOG] [Fast Refresh] rebuilding @ http://localhost:3000/_next/static/chunks/1xcn_next_dist_1xno41f._.js:2477
[  107376ms] [LOG] [Fast Refresh] done in 161ms @ http://localhost:3000/_next/static/chunks/1xcn_next_dist_1xno41f._.js:2477
[  107535ms] [LOG] [Fast Refresh] rebuilding @ http://localhost:3000/_next/static/chunks/1xcn_next_dist_1xno41f._.js:2477
[  107682ms] [LOG] [Fast Refresh] done in 254ms @ http://localhost:3000/_next/static/chunks/1xcn_next_dist_1xno41f._.js:2477
[  107824ms] [LOG] [Fast Refresh] rebuilding @ http://localhost:3000/_next/static/chunks/1xcn_next_dist_1xno41f._.js:2477
[  107969ms] [LOG] [Fast Refresh] done in 246ms @ http://localhost:3000/_next/static/chunks/1xcn_next_dist_1xno41f._.js:2477
[  128435ms] [LOG] [Fast Refresh] rebuilding @ http://localhost:3000/_next/static/chunks/1xcn_next_dist_1xno41f._.js:2477
[  128661ms] [LOG] [Fast Refresh] done in 209ms @ http://localhost:3000/_next/static/chunks/1xcn_next_dist_1xno41f._.js:2477
[  134147ms] [LOG] [Fast Refresh] rebuilding @ http://localhost:3000/_next/static/chunks/1xcn_next_dist_1xno41f._.js:2477
[  134179ms] [LOG] [Fast Refresh] done in 132ms @ http://localhost:3000/_next/static/chunks/1xcn_next_dist_1xno41f._.js:2477
[  134282ms] [LOG] [Fast Refresh] rebuilding @ http://localhost:3000/_next/static/chunks/1xcn_next_dist_1xno41f._.js:2477
[  134313ms] [LOG] [Fast Refresh] done in 133ms @ http://localhost:3000/_next/static/chunks/1xcn_next_dist_1xno41f._.js:2477
[  134383ms] [LOG] [Fast Refresh] rebuilding @ http://localhost:3000/_next/static/chunks/1xcn_next_dist_1xno41f._.js:2477
[  134901ms] [LOG] [Fast Refresh] done in 540ms @ http://localhost:3000/_next/static/chunks/1xcn_next_dist_1xno41f._.js:2477
[  135506ms] [LOG] [Fast Refresh] rebuilding @ http://localhost:3000/_next/static/chunks/1xcn_next_dist_1xno41f._.js:2477
[  136577ms] [LOG] [Fast Refresh] done in 1174ms @ http://localhost:3000/_next/static/chunks/1xcn_next_dist_1xno41f._.js:2477
[  137218ms] [LOG] [Fast Refresh] rebuilding @ http://localhost:3000/_next/static/chunks/1xcn_next_dist_1xno41f._.js:2477
[  137368ms] [LOG] [Fast Refresh] done in 254ms @ http://localhost:3000/_next/static/chunks/1xcn_next_dist_1xno41f._.js:2477
[  137565ms] [LOG] [Fast Refresh] rebuilding @ http://localhost:3000/_next/static/chunks/1xcn_next_dist_1xno41f._.js:2477
[  137718ms] [LOG] [Fast Refresh] done in 255ms @ http://localhost:3000/_next/static/chunks/1xcn_next_dist_1xno41f._.js:2477
[  137829ms] [LOG] [Fast Refresh] rebuilding @ http://localhost:3000/_next/static/chunks/1xcn_next_dist_1xno41f._.js:2477
[  138196ms] [LOG] [Fast Refresh] done in 468ms @ http://localhost:3000/_next/static/chunks/1xcn_next_dist_1xno41f._.js:2477
[  147255ms] [LOG] [Fast Refresh] rebuilding @ http://localhost:3000/_next/static/chunks/1xcn_next_dist_1xno41f._.js:2477
[  147306ms] [LOG] [Fast Refresh] done in 152ms @ http://localhost:3000/_next/static/chunks/1xcn_next_dist_1xno41f._.js:2477
[  147455ms] [LOG] [Fast Refresh] rebuilding @ http://localhost:3000/_next/static/chunks/1xcn_next_dist_1xno41f._.js:2477
[  147458ms] [LOG] [Fast Refresh] done in 104ms @ http://localhost:3000/_next/static/chunks/1xcn_next_dist_1xno41f._.js:2477
[  158459ms] [LOG] [Fast Refresh] rebuilding @ http://localhost:3000/_next/static/chunks/1xcn_next_dist_1xno41f._.js:2477
[  158643ms] [LOG] [Fast Refresh] done in 278ms @ http://localhost:3000/_next/static/chunks/1xcn_next_dist_1xno41f._.js:2477
[  158755ms] [LOG] [Fast Refresh] rebuilding @ http://localhost:3000/_next/static/chunks/1xcn_next_dist_1xno41f._.js:2477
[  158879ms] [LOG] [Fast Refresh] done in 205ms @ http://localhost:3000/_next/static/chunks/1xcn_next_dist_1xno41f._.js:2477
[  159187ms] [LOG] [Fast Refresh] rebuilding @ http://localhost:3000/_next/static/chunks/1xcn_next_dist_1xno41f._.js:2477
[  160083ms] [LOG] [Fast Refresh] done in 999ms @ http://localhost:3000/_next/static/chunks/1xcn_next_dist_1xno41f._.js:2477
[  160318ms] [LOG] [Fast Refresh] rebuilding @ http://localhost:3000/_next/static/chunks/1xcn_next_dist_1xno41f._.js:2477
[  160525ms] [LOG] [Fast Refresh] done in 311ms @ http://localhost:3000/_next/static/chunks/1xcn_next_dist_1xno41f._.js:2477
[  160760ms] [LOG] [Fast Refresh] rebuilding @ http://localhost:3000/_next/static/chunks/1xcn_next_dist_1xno41f._.js:2477
[  161659ms] [LOG] [Fast Refresh] done in 1005ms @ http://localhost:3000/_next/static/chunks/1xcn_next_dist_1xno41f._.js:2477
[  162004ms] [LOG] [Fast Refresh] rebuilding @ http://localhost:3000/_next/static/chunks/1xcn_next_dist_1xno41f._.js:2477
[  162146ms] [LOG] [Fast Refresh] done in 247ms @ http://localhost:3000/_next/static/chunks/1xcn_next_dist_1xno41f._.js:2477
[  162337ms] [LOG] [Fast Refresh] rebuilding @ http://localhost:3000/_next/static/chunks/1xcn_next_dist_1xno41f._.js:2477
[  162529ms] [LOG] [Fast Refresh] done in 292ms @ http://localhost:3000/_next/static/chunks/1xcn_next_dist_1xno41f._.js:2477
[  162749ms] [LOG] [Fast Refresh] rebuilding @ http://localhost:3000/_next/static/chunks/1xcn_next_dist_1xno41f._.js:2477
[  163451ms] [LOG] [Fast Refresh] done in 804ms @ http://localhost:3000/_next/static/chunks/1xcn_next_dist_1xno41f._.js:2477
[  163570ms] [LOG] [Fast Refresh] rebuilding @ http://localhost:3000/_next/static/chunks/1xcn_next_dist_1xno41f._.js:2477
[  163759ms] [LOG] [Fast Refresh] done in 293ms @ http://localhost:3000/_next/static/chunks/1xcn_next_dist_1xno41f._.js:2477
[  164096ms] [LOG] [Fast Refresh] rebuilding @ http://localhost:3000/_next/static/chunks/1xcn_next_dist_1xno41f._.js:2477
[  164212ms] [LOG] [Fast Refresh] done in 217ms @ http://localhost:3000/_next/static/chunks/1xcn_next_dist_1xno41f._.js:2477
[  164365ms] [LOG] [Fast Refresh] rebuilding @ http://localhost:3000/_next/static/chunks/1xcn_next_dist_1xno41f._.js:2477
[  164523ms] [LOG] [Fast Refresh] done in 264ms @ http://localhost:3000/_next/static/chunks/1xcn_next_dist_1xno41f._.js:2477
[  164696ms] [LOG] [Fast Refresh] rebuilding @ http://localhost:3000/_next/static/chunks/1xcn_next_dist_1xno41f._.js:2477
[  164886ms] [LOG] [Fast Refresh] done in 292ms @ http://localhost:3000/_next/static/chunks/1xcn_next_dist_1xno41f._.js:2477
[  164993ms] [LOG] [Fast Refresh] rebuilding @ http://localhost:3000/_next/static/chunks/1xcn_next_dist_1xno41f._.js:2477
[  165158ms] [LOG] [Fast Refresh] done in 268ms @ http://localhost:3000/_next/static/chunks/1xcn_next_dist_1xno41f._.js:2477
[  166096ms] [LOG] [Fast Refresh] rebuilding @ http://localhost:3000/_next/static/chunks/1xcn_next_dist_1xno41f._.js:2477
[  166159ms] [LOG] [Fast Refresh] done in 163ms @ http://localhost:3000/_next/static/chunks/1xcn_next_dist_1xno41f._.js:2477
[  166367ms] [LOG] [Fast Refresh] rebuilding @ http://localhost:3000/_next/static/chunks/1xcn_next_dist_1xno41f._.js:2477
[  166542ms] [LOG] [Fast Refresh] done in 179ms @ http://localhost:3000/_next/static/chunks/1xcn_next_dist_1xno41f._.js:2477
[  166655ms] [LOG] [Fast Refresh] rebuilding @ http://localhost:3000/_next/static/chunks/1xcn_next_dist_1xno41f._.js:2477
[  167327ms] [LOG] [Fast Refresh] done in 773ms @ http://localhost:3000/_next/static/chunks/1xcn_next_dist_1xno41f._.js:2477
[  167560ms] [LOG] [Fast Refresh] rebuilding @ http://localhost:3000/_next/static/chunks/1xcn_next_dist_1xno41f._.js:2477
[  167693ms] [LOG] [Fast Refresh] done in 232ms @ http://localhost:3000/_next/static/chunks/1xcn_next_dist_1xno41f._.js:2477
[  167953ms] [LOG] [Fast Refresh] rebuilding @ http://localhost:3000/_next/static/chunks/1xcn_next_dist_1xno41f._.js:2477
[  168940ms] [LOG] [Fast Refresh] done in 1089ms @ http://localhost:3000/_next/static/chunks/1xcn_next_dist_1xno41f._.js:2477
[  169175ms] [LOG] [Fast Refresh] rebuilding @ http://localhost:3000/_next/static/chunks/1xcn_next_dist_1xno41f._.js:2477
[  169201ms] [LOG] [Fast Refresh] done in 129ms @ http://localhost:3000/_next/static/chunks/1xcn_next_dist_1xno41f._.js:2477
[  169343ms] [LOG] [Fast Refresh] rebuilding @ http://localhost:3000/_next/static/chunks/1xcn_next_dist_1xno41f._.js:2477
[  169443ms] [LOG] [Fast Refresh] done in 201ms @ http://localhost:3000/_next/static/chunks/1xcn_next_dist_1xno41f._.js:2477
[  169628ms] [LOG] [Fast Refresh] rebuilding @ http://localhost:3000/_next/static/chunks/1xcn_next_dist_1xno41f._.js:2477
[  169789ms] [LOG] [Fast Refresh] done in 263ms @ http://localhost:3000/_next/static/chunks/1xcn_next_dist_1xno41f._.js:2477
[  169890ms] [LOG] [Fast Refresh] rebuilding @ http://localhost:3000/_next/static/chunks/1xcn_next_dist_1xno41f._.js:2477
[  170276ms] [LOG] [Fast Refresh] done in 486ms @ http://localhost:3000/_next/static/chunks/1xcn_next_dist_1xno41f._.js:2477
[  170407ms] [LOG] [Fast Refresh] rebuilding @ http://localhost:3000/_next/static/chunks/1xcn_next_dist_1xno41f._.js:2477
[  170507ms] [LOG] [Fast Refresh] done in 201ms @ http://localhost:3000/_next/static/chunks/1xcn_next_dist_1xno41f._.js:2477
[  170794ms] [LOG] [Fast Refresh] rebuilding @ http://localhost:3000/_next/static/chunks/1xcn_next_dist_1xno41f._.js:2477
[  170833ms] [LOG] [Fast Refresh] done in 144ms @ http://localhost:3000/_next/static/chunks/1xcn_next_dist_1xno41f._.js:2477
[  171078ms] [LOG] [Fast Refresh] rebuilding @ http://localhost:3000/_next/static/chunks/1xcn_next_dist_1xno41f._.js:2477
[  171213ms] [LOG] [Fast Refresh] done in 236ms @ http://localhost:3000/_next/static/chunks/1xcn_next_dist_1xno41f._.js:2477
[  171347ms] [LOG] [Fast Refresh] rebuilding @ http://localhost:3000/_next/static/chunks/1xcn_next_dist_1xno41f._.js:2477
[  171653ms] [LOG] [Fast Refresh] done in 409ms @ http://localhost:3000/_next/static/chunks/1xcn_next_dist_1xno41f._.js:2477
[  202752ms] [LOG] [Fast Refresh] rebuilding @ http://localhost:3000/_next/static/chunks/1xcn_next_dist_1xno41f._.js:2477
[  202818ms] [LOG] [Fast Refresh] done in 167ms @ http://localhost:3000/_next/static/chunks/1xcn_next_dist_1xno41f._.js:2477
[  202920ms] [LOG] [Fast Refresh] rebuilding @ http://localhost:3000/_next/static/chunks/1xcn_next_dist_1xno41f._.js:2477
[  202923ms] [LOG] [Fast Refresh] done in 105ms @ http://localhost:3000/_next/static/chunks/1xcn_next_dist_1xno41f._.js:2477
[  209291ms] [LOG] [Fast Refresh] rebuilding @ http://localhost:3000/_next/static/chunks/1xcn_next_dist_1xno41f._.js:2477
[  209369ms] [LOG] [Fast Refresh] done in 183ms @ http://localhost:3000/_next/static/chunks/1xcn_next_dist_1xno41f._.js:2477
[  209471ms] [LOG] [Fast Refresh] rebuilding @ http://localhost:3000/_next/static/chunks/1xcn_next_dist_1xno41f._.js:2477
[  209506ms] [LOG] [Fast Refresh] done in 135ms @ http://localhost:3000/_next/static/chunks/1xcn_next_dist_1xno41f._.js:2477
